QuestaSim-64 qrun 2024.3_1 Utility 2024.10 Oct 17 2024
Start time: 15:58:39 on Sep 13,2025
qrun -batch -access=rw+/. -uvmhome uvm-1.2 -timescale 1ns/1ns -mfcu design.sv testbench.sv -voptargs="+acc=npr" -do " run -all; exit" 
Creating library 'qrun.out/work'.
Mapping library 'mtiUvm' to 'qrun.out/work'.
QuestaSim-64 vlog 2024.3_1 Compiler 2024.10 Oct 17 2024
Start time: 15:58:39 on Sep 13,2025
vlog -timescale 1ns/1ns -mfcu -ccflags "-Wno-missing-declarations" -ccflags "-Wno-maybe-uninitialized" -ccflags "-Wno-return-type" -ccflags "-DQUESTA" /usr/share/questa/questasim/verilog_src/uvm-1.2/src/dpi/uvm_dpi.cc /usr/share/questa/questasim/verilog_src/uvm-1.2/src/uvm_pkg.sv /usr/share/questa/questasim/verilog_src/questa_uvm_pkg-1.2/src/questa_uvm_pkg.sv design.sv testbench.sv -work qrun.out/work "+incdir+/usr/share/questa/questasim/verilog_src/uvm-1.2/src" -statslog qrun.out/stats_log -writesessionid "+qrun.out/top_dus" -csession=incr 
-- Compiling package uvm_pkg (uvm-1.2 Built-in)
-- Compiling package questa_uvm_pkg
-- Importing package uvm_pkg (uvm-1.2 Built-in)
-- Compiling module FIFO
-- Compiling package uvm_pkg_sv_unit
-- Importing package uvm_pkg (uvm-1.2 Built-in)
-- Importing package fifo_pkg
-- Compiling interface fifo_if
-- Compiling package fifo_pkg
-- Compiling module tb_top

Top level modules:
	tb_top
-- Compiling DPI/PLI C++ file /usr/share/questa/questasim/verilog_src/uvm-1.2/src/dpi/uvm_dpi.cc

In file included from /usr/share/questa/questasim/verilog_src/uvm-1.2/src/dpi/uvm_hdl.c:27,
                 from /usr/share/questa/questasim/verilog_src/uvm-1.2/src/dpi/uvm_dpi.cc:37:
/usr/share/questa/questasim/verilog_src/uvm-1.2/src/dpi/uvm_hdl_questa.c: In function 'int uvm_is_vhdl_path(char*)':
/usr/share/questa/questasim/verilog_src/uvm-1.2/src/dpi/uvm_hdl_questa.c:90:12: warning: 'char* strncpy(char*, const char*, size_t)' specified bound depends on the length of the source argument [-Wstringop-overflow=]
   90 |     strncpy(path_copy, path, path_len);
      |     ~~~~~~~^~~~~~~~~~~~~~~~~~~~~~~~~~~
/usr/share/questa/questasim/verilog_src/uvm-1.2/src/dpi/uvm_hdl_questa.c:72:20: note: length computed here
   72 |   path_len = strlen(path);
      |              ~~~~~~^~~~~~

End time: 15:58:43 on Sep 13,2025, Elapsed time: 0:00:04
Errors: 0, Warnings: 0
QuestaSim-64 vopt 2024.3_1 Compiler 2024.10 Oct 17 2024
** Warning: (vopt-10587) Some optimizations are turned off because the +acc switch is in effect. This will cause your simulation to run slowly. Please use -access/-debug to maintain needed visibility. The +acc switch would be deprecated in a future release.
Start time: 15:58:43 on Sep 13,2025
vopt -access=rw+/. -timescale 1ns/1ns -mfcu "+acc=npr" -findtoplevels qrun.out/work+1+ -work qrun.out/work -statslog qrun.out/stats_log -csession=incr -o qrun_opt -csessionid=2 

Top level modules:
	tb_top

Analyzing design...
-- Loading module tb_top
-- Loading package questa_uvm_pkg
-- Loading interface fifo_if
-- Loading module FIFO
Optimizing 8 design-units (inlining 0/3 module instances):
-- Optimizing package uvm_pkg (uvm-1.2 Built-in)(fast)
-- Optimizing package questa_uvm_pkg(fast)
-- Optimizing package fifo_pkg(fast)
-- Optimizing package uvm_pkg_sv_unit(fast)
-- Optimizing interface fifo_if(fast__2)
-- Optimizing module FIFO(fast)
-- Optimizing module tb_top(fast)
-- Optimizing interface fifo_if(fast)
Optimized design name is qrun_opt
End time: 15:58:53 on Sep 13,2025, Elapsed time: 0:00:10
Errors: 0, Warnings: 1
# vsim -batch -lib qrun.out/work -do " run -all; exit" -statslog qrun.out/stats_log qrun_opt -appendlog -l qrun.log 
# Start time: 15:58:53 on Sep 13,2025
# Loading /tmp/unknown@8af08fc043fa_dpi_52/linux_x86_64_gcc-10.3.0/export_tramp.so
# //  Questa Sim-64
# //  Version 2024.3_1 linux_x86_64 Oct 17 2024
# //
# // Unpublished work. Copyright 2024 Siemens
# //
# // This material contains trade secrets or otherwise confidential information
# // owned by Siemens Industry Software Inc. or its affiliates (collectively,
# // "SISW"), or its licensors. Access to and use of this information is strictly
# // limited as set forth in the Customer's applicable agreements with SISW.
# //
# // This material may not be copied, distributed, or otherwise disclosed outside
# // of the Customer's facilities without the express written permission of SISW,
# // and may not be used in any way not expressly authorized by SISW.
# //
# Loading sv_std.std
# Loading work.fifo_if(fast)
# Loading work.uvm_pkg(fast)
# Loading work.fifo_pkg(fast)
# Loading work.uvm_pkg_sv_unit(fast)
# Loading work.questa_uvm_pkg(fast)
# Loading work.tb_top(fast)
# Loading work.fifo_if(fast__2)
# Loading work.FIFO(fast)
# Compiling /tmp/unknown@8af08fc043fa_dpi_52/linux_x86_64_gcc-10.3.0/exportwrapper.c
# Loading /tmp/unknown@8af08fc043fa_dpi_52/linux_x86_64_gcc-10.3.0/vsim_auto_compile.so
# 
# run -all
# UVM_INFO /usr/share/questa/questasim/verilog_src/uvm-1.2/src/base/uvm_root.svh(392) @ 0: reporter [UVM/RELNOTES] 
# ----------------------------------------------------------------
# UVM-1.2
# (C) 2007-2014 Mentor Graphics Corporation
# (C) 2007-2014 Cadence Design Systems, Inc.
# (C) 2006-2014 Synopsys, Inc.
# (C) 2011-2013 Cypress Semiconductor Corp.
# (C) 2013-2014 NVIDIA Corporation
# ----------------------------------------------------------------
# 
#   ***********       IMPORTANT RELEASE NOTES         ************
# 
#   You are using a version of the UVM library that has been compiled
#   with `UVM_NO_DEPRECATED undefined.
#   See http://www.eda.org/svdb/view.php?id=3313 for more details.
# 
#   You are using a version of the UVM library that has been compiled
#   with `UVM_OBJECT_DO_NOT_NEED_CONSTRUCTOR undefined.
#   See http://www.eda.org/svdb/view.php?id=3770 for more details.
# 
#       (Specify +UVM_NO_RELNOTES to turn off this notice)
# 
# UVM_INFO /usr/share/questa/questasim/verilog_src/questa_uvm_pkg-1.2/src/questa_uvm_pkg.sv(277) @ 0: reporter [Questa UVM] QUESTA_UVM-1.2.3
# UVM_INFO /usr/share/questa/questasim/verilog_src/questa_uvm_pkg-1.2/src/questa_uvm_pkg.sv(278) @ 0: reporter [Questa UVM]  questa_uvm::init(+struct)
# UVM_INFO @ 0: reporter [RNTST] Running test base_test...
# UVM_INFO base_seq.sv(9) @ 0: uvm_test_top.env_o.agt.seqr@@bseq [base_seq] ******** Generate 64 Write REQS *********
# UVM_INFO fill_and_empty_seq.sv(11) @ 0: uvm_test_top.env_o.agt.seqr@@fe_seq [fill_and_empty_seq] Filling the FIFO...
# UVM_INFO alternating_access_seq.sv(9) @ 0: uvm_test_top.env_o.agt.seqr@@alt_seq [alternating_access_seq] Starting alternating write/read test...
# UVM_INFO driver.sv(31) @ 5: uvm_test_top.env_o.agt.drv [DRIVER] DRIVER data: 
# wn=x 
# DATA_IN=x
# UVM_INFO monitor.sv(27) @ 15: uvm_test_top.env_o.agt.mon [MONITOR] Monitoring data: 
# wn=1 
# FULL=0 
# DATA_IN=228
# UVM_INFO driver.sv(31) @ 25: uvm_test_top.env_o.agt.drv [DRIVER] DRIVER data: 
# wn=0 
# DATA_IN=228
# UVM_INFO monitor.sv(27) @ 35: uvm_test_top.env_o.agt.mon [MONITOR] Monitoring data: 
# wn=1 
# FULL=0 
# DATA_IN=152
# UVM_INFO driver.sv(31) @ 45: uvm_test_top.env_o.agt.drv [DRIVER] DRIVER data: 
# wn=0 
# DATA_IN=152
# UVM_INFO monitor.sv(27) @ 55: uvm_test_top.env_o.agt.mon [MONITOR] Monitoring data: 
# wn=1 
# FULL=0 
# DATA_IN=135
# UVM_INFO driver.sv(31) @ 65: uvm_test_top.env_o.agt.drv [DRIVER] DRIVER data: 
# wn=0 
# DATA_IN=135
# UVM_INFO monitor.sv(27) @ 75: uvm_test_top.env_o.agt.mon [MONITOR] Monitoring data: 
# wn=1 
# FULL=0 
# DATA_IN=38
# UVM_INFO driver.sv(31) @ 85: uvm_test_top.env_o.agt.drv [DRIVER] DRIVER data: 
# wn=0 
# DATA_IN=38
# UVM_INFO monitor.sv(27) @ 95: uvm_test_top.env_o.agt.mon [MONITOR] Monitoring data: 
# wn=1 
# FULL=0 
# DATA_IN=233
# UVM_INFO driver.sv(31) @ 105: uvm_test_top.env_o.agt.drv [DRIVER] DRIVER data: 
# wn=0 
# DATA_IN=233
# UVM_INFO monitor.sv(27) @ 115: uvm_test_top.env_o.agt.mon [MONITOR] Monitoring data: 
# wn=1 
# FULL=0 
# DATA_IN=211
# UVM_INFO driver.sv(31) @ 125: uvm_test_top.env_o.agt.drv [DRIVER] DRIVER data: 
# wn=0 
# DATA_IN=211
# UVM_INFO monitor.sv(27) @ 135: uvm_test_top.env_o.agt.mon [MONITOR] Monitoring data: 
# wn=1 
# FULL=0 
# DATA_IN=206
# UVM_INFO driver.sv(31) @ 145: uvm_test_top.env_o.agt.drv [DRIVER] DRIVER data: 
# wn=0 
# DATA_IN=206
# UVM_INFO monitor.sv(27) @ 155: uvm_test_top.env_o.agt.mon [MONITOR] Monitoring data: 
# wn=1 
# FULL=0 
# DATA_IN=35
# UVM_INFO driver.sv(31) @ 165: uvm_test_top.env_o.agt.drv [DRIVER] DRIVER data: 
# wn=0 
# DATA_IN=35
# UVM_INFO monitor.sv(27) @ 175: uvm_test_top.env_o.agt.mon [MONITOR] Monitoring data: 
# wn=1 
# FULL=1 
# DATA_IN=91
# UVM_INFO driver.sv(31) @ 185: uvm_test_top.env_o.agt.drv [DRIVER] DRIVER data: 
# wn=0 
# DATA_IN=91
# UVM_INFO monitor.sv(27) @ 195: uvm_test_top.env_o.agt.mon [MONITOR] Monitoring data: 
# wn=1 
# FULL=1 
# DATA_IN=105
# UVM_INFO driver.sv(31) @ 205: uvm_test_top.env_o.agt.drv [DRIVER] DRIVER data: 
# wn=0 
# DATA_IN=105
# UVM_INFO monitor.sv(27) @ 215: uvm_test_top.env_o.agt.mon [MONITOR] Monitoring data: 
# wn=1 
# FULL=1 
# DATA_IN=216
# UVM_INFO monitor.sv(35) @ 235: uvm_test_top.env_o.agt.mon [MONITOR] Monitoring data: 
# rn=1 
# EMPTY=0 
# DATA_OUT=228
# UVM_INFO scoreboard.sv(36) @ 235: uvm_test_top.env_o.sb [scoreboard] MATCH: DATA_OUT=228, Expected=        228
# UVM_INFO driver.sv(40) @ 235: uvm_test_top.env_o.agt.drv [DRIVER] DRIVER data: 
# rn=1 
# DATA_OUT=228
# UVM_INFO driver.sv(31) @ 245: uvm_test_top.env_o.agt.drv [DRIVER] DRIVER data: 
# wn=0 
# DATA_IN=216
# UVM_INFO monitor.sv(27) @ 255: uvm_test_top.env_o.agt.mon [MONITOR] Monitoring data: 
# wn=1 
# FULL=0 
# DATA_IN=247
# UVM_INFO driver.sv(31) @ 265: uvm_test_top.env_o.agt.drv [DRIVER] DRIVER data: 
# wn=0 
# DATA_IN=247
# UVM_INFO monitor.sv(27) @ 275: uvm_test_top.env_o.agt.mon [MONITOR] Monitoring data: 
# wn=1 
# FULL=1 
# DATA_IN=142
# UVM_INFO driver.sv(31) @ 285: uvm_test_top.env_o.agt.drv [DRIVER] DRIVER data: 
# wn=0 
# DATA_IN=142
# UVM_INFO monitor.sv(27) @ 295: uvm_test_top.env_o.agt.mon [MONITOR] Monitoring data: 
# wn=1 
# FULL=1 
# DATA_IN=102
# UVM_INFO driver.sv(31) @ 305: uvm_test_top.env_o.agt.drv [DRIVER] DRIVER data: 
# wn=0 
# DATA_IN=102
# UVM_INFO monitor.sv(27) @ 315: uvm_test_top.env_o.agt.mon [MONITOR] Monitoring data: 
# wn=1 
# FULL=1 
# DATA_IN=19
# UVM_INFO driver.sv(31) @ 325: uvm_test_top.env_o.agt.drv [DRIVER] DRIVER data: 
# wn=0 
# DATA_IN=19
# UVM_INFO monitor.sv(27) @ 335: uvm_test_top.env_o.agt.mon [MONITOR] Monitoring data: 
# wn=1 
# FULL=1 
# DATA_IN=132
# UVM_INFO monitor.sv(35) @ 355: uvm_test_top.env_o.agt.mon [MONITOR] Monitoring data: 
# rn=1 
# EMPTY=0 
# DATA_OUT=152
# UVM_INFO scoreboard.sv(36) @ 355: uvm_test_top.env_o.sb [scoreboard] MATCH: DATA_OUT=152, Expected=        152
# UVM_INFO driver.sv(40) @ 355: uvm_test_top.env_o.agt.drv [DRIVER] DRIVER data: 
# rn=1 
# DATA_OUT=152
# UVM_INFO driver.sv(31) @ 365: uvm_test_top.env_o.agt.drv [DRIVER] DRIVER data: 
# wn=0 
# DATA_IN=132
# UVM_INFO monitor.sv(27) @ 375: uvm_test_top.env_o.agt.mon [MONITOR] Monitoring data: 
# wn=1 
# FULL=0 
# DATA_IN=110
# UVM_INFO driver.sv(31) @ 385: uvm_test_top.env_o.agt.drv [DRIVER] DRIVER data: 
# wn=0 
# DATA_IN=110
# UVM_INFO monitor.sv(27) @ 395: uvm_test_top.env_o.agt.mon [MONITOR] Monitoring data: 
# wn=1 
# FULL=1 
# DATA_IN=17
# UVM_INFO driver.sv(31) @ 405: uvm_test_top.env_o.agt.drv [DRIVER] DRIVER data: 
# wn=0 
# DATA_IN=17
# UVM_INFO monitor.sv(27) @ 415: uvm_test_top.env_o.agt.mon [MONITOR] Monitoring data: 
# wn=1 
# FULL=1 
# DATA_IN=167
# UVM_INFO driver.sv(31) @ 425: uvm_test_top.env_o.agt.drv [DRIVER] DRIVER data: 
# wn=0 
# DATA_IN=167
# UVM_INFO monitor.sv(27) @ 435: uvm_test_top.env_o.agt.mon [MONITOR] Monitoring data: 
# wn=1 
# FULL=1 
# DATA_IN=21
# UVM_INFO driver.sv(31) @ 445: uvm_test_top.env_o.agt.drv [DRIVER] DRIVER data: 
# wn=0 
# DATA_IN=21
# UVM_INFO monitor.sv(27) @ 455: uvm_test_top.env_o.agt.mon [MONITOR] Monitoring data: 
# wn=1 
# FULL=1 
# DATA_IN=145
# UVM_INFO fill_and_empty_seq.sv(20) @ 455: uvm_test_top.env_o.agt.seqr@@fe_seq [fill_and_empty_seq] Emptying the FIFO...
# UVM_INFO monitor.sv(35) @ 475: uvm_test_top.env_o.agt.mon [MONITOR] Monitoring data: 
# rn=1 
# EMPTY=0 
# DATA_OUT=135
# UVM_INFO scoreboard.sv(36) @ 475: uvm_test_top.env_o.sb [scoreboard] MATCH: DATA_OUT=135, Expected=        135
# UVM_INFO driver.sv(40) @ 475: uvm_test_top.env_o.agt.drv [DRIVER] DRIVER data: 
# rn=1 
# DATA_OUT=135
# UVM_INFO driver.sv(31) @ 485: uvm_test_top.env_o.agt.drv [DRIVER] DRIVER data: 
# wn=0 
# DATA_IN=145
# UVM_INFO monitor.sv(27) @ 495: uvm_test_top.env_o.agt.mon [MONITOR] Monitoring data: 
# wn=1 
# FULL=0 
# DATA_IN=216
# UVM_INFO monitor.sv(35) @ 515: uvm_test_top.env_o.agt.mon [MONITOR] Monitoring data: 
# rn=1 
# EMPTY=0 
# DATA_OUT=38
# UVM_INFO scoreboard.sv(36) @ 515: uvm_test_top.env_o.sb [scoreboard] MATCH: DATA_OUT= 38, Expected=         38
# UVM_INFO driver.sv(40) @ 515: uvm_test_top.env_o.agt.drv [DRIVER] DRIVER data: 
# rn=1 
# DATA_OUT=38
# UVM_INFO driver.sv(31) @ 525: uvm_test_top.env_o.agt.drv [DRIVER] DRIVER data: 
# wn=0 
# DATA_IN=216
# UVM_INFO monitor.sv(27) @ 535: uvm_test_top.env_o.agt.mon [MONITOR] Monitoring data: 
# wn=1 
# FULL=0 
# DATA_IN=2
# UVM_INFO driver.sv(31) @ 545: uvm_test_top.env_o.agt.drv [DRIVER] DRIVER data: 
# wn=0 
# DATA_IN=2
# UVM_INFO monitor.sv(27) @ 555: uvm_test_top.env_o.agt.mon [MONITOR] Monitoring data: 
# wn=1 
# FULL=1 
# DATA_IN=183
# UVM_INFO monitor.sv(35) @ 575: uvm_test_top.env_o.agt.mon [MONITOR] Monitoring data: 
# rn=1 
# EMPTY=0 
# DATA_OUT=233
# UVM_INFO scoreboard.sv(36) @ 575: uvm_test_top.env_o.sb [scoreboard] MATCH: DATA_OUT=233, Expected=        233
# UVM_INFO driver.sv(40) @ 575: uvm_test_top.env_o.agt.drv [DRIVER] DRIVER data: 
# rn=1 
# DATA_OUT=233
# UVM_INFO driver.sv(31) @ 585: uvm_test_top.env_o.agt.drv [DRIVER] DRIVER data: 
# wn=0 
# DATA_IN=183
# UVM_INFO monitor.sv(27) @ 595: uvm_test_top.env_o.agt.mon [MONITOR] Monitoring data: 
# wn=1 
# FULL=0 
# DATA_IN=195
# UVM_INFO driver.sv(31) @ 605: uvm_test_top.env_o.agt.drv [DRIVER] DRIVER data: 
# wn=0 
# DATA_IN=195
# UVM_INFO monitor.sv(27) @ 615: uvm_test_top.env_o.agt.mon [MONITOR] Monitoring data: 
# wn=1 
# FULL=1 
# DATA_IN=254
# UVM_INFO driver.sv(31) @ 625: uvm_test_top.env_o.agt.drv [DRIVER] DRIVER data: 
# wn=0 
# DATA_IN=254
# UVM_INFO monitor.sv(27) @ 635: uvm_test_top.env_o.agt.mon [MONITOR] Monitoring data: 
# wn=1 
# FULL=1 
# DATA_IN=30
# UVM_INFO driver.sv(31) @ 645: uvm_test_top.env_o.agt.drv [DRIVER] DRIVER data: 
# wn=0 
# DATA_IN=30
# UVM_INFO monitor.sv(27) @ 655: uvm_test_top.env_o.agt.mon [MONITOR] Monitoring data: 
# wn=1 
# FULL=1 
# DATA_IN=48
# UVM_INFO driver.sv(31) @ 665: uvm_test_top.env_o.agt.drv [DRIVER] DRIVER data: 
# wn=0 
# DATA_IN=48
# UVM_INFO monitor.sv(27) @ 675: uvm_test_top.env_o.agt.mon [MONITOR] Monitoring data: 
# wn=1 
# FULL=1 
# DATA_IN=129
# UVM_INFO driver.sv(31) @ 685: uvm_test_top.env_o.agt.drv [DRIVER] DRIVER data: 
# wn=0 
# DATA_IN=129
# UVM_INFO monitor.sv(27) @ 695: uvm_test_top.env_o.agt.mon [MONITOR] Monitoring data: 
# wn=1 
# FULL=1 
# DATA_IN=156
# UVM_INFO monitor.sv(35) @ 715: uvm_test_top.env_o.agt.mon [MONITOR] Monitoring data: 
# rn=1 
# EMPTY=0 
# DATA_OUT=211
# UVM_INFO scoreboard.sv(36) @ 715: uvm_test_top.env_o.sb [scoreboard] MATCH: DATA_OUT=211, Expected=        211
# UVM_INFO driver.sv(40) @ 715: uvm_test_top.env_o.agt.drv [DRIVER] DRIVER data: 
# rn=1 
# DATA_OUT=211
# UVM_INFO driver.sv(31) @ 725: uvm_test_top.env_o.agt.drv [DRIVER] DRIVER data: 
# wn=0 
# DATA_IN=156
# UVM_INFO monitor.sv(27) @ 735: uvm_test_top.env_o.agt.mon [MONITOR] Monitoring data: 
# wn=1 
# FULL=0 
# DATA_IN=25
# UVM_INFO monitor.sv(35) @ 755: uvm_test_top.env_o.agt.mon [MONITOR] Monitoring data: 
# rn=1 
# EMPTY=0 
# DATA_OUT=206
# UVM_INFO scoreboard.sv(36) @ 755: uvm_test_top.env_o.sb [scoreboard] MATCH: DATA_OUT=206, Expected=        206
# UVM_INFO driver.sv(40) @ 755: uvm_test_top.env_o.agt.drv [DRIVER] DRIVER data: 
# rn=1 
# DATA_OUT=206
# UVM_INFO driver.sv(31) @ 765: uvm_test_top.env_o.agt.drv [DRIVER] DRIVER data: 
# wn=0 
# DATA_IN=25
# UVM_INFO monitor.sv(27) @ 775: uvm_test_top.env_o.agt.mon [MONITOR] Monitoring data: 
# wn=1 
# FULL=0 
# DATA_IN=181
# UVM_INFO driver.sv(31) @ 785: uvm_test_top.env_o.agt.drv [DRIVER] DRIVER data: 
# wn=0 
# DATA_IN=181
# UVM_INFO monitor.sv(27) @ 795: uvm_test_top.env_o.agt.mon [MONITOR] Monitoring data: 
# wn=1 
# FULL=1 
# DATA_IN=223
# UVM_INFO driver.sv(31) @ 805: uvm_test_top.env_o.agt.drv [DRIVER] DRIVER data: 
# wn=0 
# DATA_IN=223
# UVM_INFO monitor.sv(27) @ 815: uvm_test_top.env_o.agt.mon [MONITOR] Monitoring data: 
# wn=1 
# FULL=1 
# DATA_IN=166
# UVM_INFO driver.sv(31) @ 825: uvm_test_top.env_o.agt.drv [DRIVER] DRIVER data: 
# wn=0 
# DATA_IN=166
# UVM_INFO monitor.sv(27) @ 835: uvm_test_top.env_o.agt.mon [MONITOR] Monitoring data: 
# wn=1 
# FULL=1 
# DATA_IN=230
# UVM_INFO driver.sv(31) @ 845: uvm_test_top.env_o.agt.drv [DRIVER] DRIVER data: 
# wn=0 
# DATA_IN=230
# UVM_INFO monitor.sv(27) @ 855: uvm_test_top.env_o.agt.mon [MONITOR] Monitoring data: 
# wn=1 
# FULL=1 
# DATA_IN=69
# UVM_INFO monitor.sv(35) @ 875: uvm_test_top.env_o.agt.mon [MONITOR] Monitoring data: 
# rn=1 
# EMPTY=0 
# DATA_OUT=35
# UVM_INFO scoreboard.sv(36) @ 875: uvm_test_top.env_o.sb [scoreboard] MATCH: DATA_OUT= 35, Expected=         35
# UVM_INFO driver.sv(40) @ 875: uvm_test_top.env_o.agt.drv [DRIVER] DRIVER data: 
# rn=1 
# DATA_OUT=35
# UVM_INFO driver.sv(31) @ 885: uvm_test_top.env_o.agt.drv [DRIVER] DRIVER data: 
# wn=0 
# DATA_IN=69
# UVM_INFO monitor.sv(27) @ 895: uvm_test_top.env_o.agt.mon [MONITOR] Monitoring data: 
# wn=1 
# FULL=0 
# DATA_IN=223
# UVM_INFO driver.sv(31) @ 905: uvm_test_top.env_o.agt.drv [DRIVER] DRIVER data: 
# wn=0 
# DATA_IN=223
# UVM_INFO monitor.sv(27) @ 915: uvm_test_top.env_o.agt.mon [MONITOR] Monitoring data: 
# wn=1 
# FULL=1 
# DATA_IN=132
# UVM_INFO monitor.sv(35) @ 935: uvm_test_top.env_o.agt.mon [MONITOR] Monitoring data: 
# rn=1 
# EMPTY=0 
# DATA_OUT=247
# UVM_INFO scoreboard.sv(36) @ 935: uvm_test_top.env_o.sb [scoreboard] MATCH: DATA_OUT=247, Expected=        247
# UVM_INFO driver.sv(40) @ 935: uvm_test_top.env_o.agt.drv [DRIVER] DRIVER data: 
# rn=1 
# DATA_OUT=247
# UVM_INFO fill_and_empty_seq.sv(11) @ 935: uvm_test_top.env_o.agt.seqr@@fe_seq [fill_and_empty_seq] Filling the FIFO...
# UVM_INFO monitor.sv(35) @ 955: uvm_test_top.env_o.agt.mon [MONITOR] Monitoring data: 
# rn=1 
# EMPTY=0 
# DATA_OUT=110
# UVM_INFO scoreboard.sv(36) @ 955: uvm_test_top.env_o.sb [scoreboard] MATCH: DATA_OUT=110, Expected=        110
# UVM_INFO driver.sv(40) @ 955: uvm_test_top.env_o.agt.drv [DRIVER] DRIVER data: 
# rn=1 
# DATA_OUT=110
# UVM_INFO driver.sv(31) @ 965: uvm_test_top.env_o.agt.drv [DRIVER] DRIVER data: 
# wn=0 
# DATA_IN=132
# UVM_INFO monitor.sv(27) @ 975: uvm_test_top.env_o.agt.mon [MONITOR] Monitoring data: 
# wn=1 
# FULL=0 
# DATA_IN=2
# UVM_INFO driver.sv(31) @ 985: uvm_test_top.env_o.agt.drv [DRIVER] DRIVER data: 
# wn=0 
# DATA_IN=2
# UVM_INFO monitor.sv(27) @ 995: uvm_test_top.env_o.agt.mon [MONITOR] Monitoring data: 
# wn=1 
# FULL=0 
# DATA_IN=5
# UVM_INFO driver.sv(31) @ 1005: uvm_test_top.env_o.agt.drv [DRIVER] DRIVER data: 
# wn=0 
# DATA_IN=5
# UVM_INFO monitor.sv(27) @ 1015: uvm_test_top.env_o.agt.mon [MONITOR] Monitoring data: 
# wn=1 
# FULL=1 
# DATA_IN=8
# UVM_INFO driver.sv(31) @ 1025: uvm_test_top.env_o.agt.drv [DRIVER] DRIVER data: 
# wn=0 
# DATA_IN=8
# UVM_INFO monitor.sv(27) @ 1035: uvm_test_top.env_o.agt.mon [MONITOR] Monitoring data: 
# wn=1 
# FULL=1 
# DATA_IN=189
# UVM_INFO driver.sv(31) @ 1045: uvm_test_top.env_o.agt.drv [DRIVER] DRIVER data: 
# wn=0 
# DATA_IN=189
# UVM_INFO monitor.sv(27) @ 1055: uvm_test_top.env_o.agt.mon [MONITOR] Monitoring data: 
# wn=1 
# FULL=1 
# DATA_IN=146
# UVM_INFO monitor.sv(35) @ 1075: uvm_test_top.env_o.agt.mon [MONITOR] Monitoring data: 
# rn=1 
# EMPTY=0 
# DATA_OUT=216
# UVM_INFO scoreboard.sv(36) @ 1075: uvm_test_top.env_o.sb [scoreboard] MATCH: DATA_OUT=216, Expected=        216
# UVM_INFO driver.sv(40) @ 1075: uvm_test_top.env_o.agt.drv [DRIVER] DRIVER data: 
# rn=1 
# DATA_OUT=216
# UVM_INFO driver.sv(31) @ 1085: uvm_test_top.env_o.agt.drv [DRIVER] DRIVER data: 
# wn=0 
# DATA_IN=146
# UVM_INFO monitor.sv(27) @ 1095: uvm_test_top.env_o.agt.mon [MONITOR] Monitoring data: 
# wn=1 
# FULL=0 
# DATA_IN=236
# UVM_INFO driver.sv(31) @ 1105: uvm_test_top.env_o.agt.drv [DRIVER] DRIVER data: 
# wn=0 
# DATA_IN=236
# UVM_INFO monitor.sv(27) @ 1115: uvm_test_top.env_o.agt.mon [MONITOR] Monitoring data: 
# wn=1 
# FULL=1 
# DATA_IN=248
# UVM_INFO driver.sv(31) @ 1125: uvm_test_top.env_o.agt.drv [DRIVER] DRIVER data: 
# wn=0 
# DATA_IN=248
# UVM_INFO monitor.sv(27) @ 1135: uvm_test_top.env_o.agt.mon [MONITOR] Monitoring data: 
# wn=1 
# FULL=1 
# DATA_IN=124
# UVM_INFO driver.sv(31) @ 1145: uvm_test_top.env_o.agt.drv [DRIVER] DRIVER data: 
# wn=0 
# DATA_IN=124
# UVM_INFO monitor.sv(27) @ 1155: uvm_test_top.env_o.agt.mon [MONITOR] Monitoring data: 
# wn=1 
# FULL=1 
# DATA_IN=97
# UVM_INFO driver.sv(31) @ 1165: uvm_test_top.env_o.agt.drv [DRIVER] DRIVER data: 
# wn=0 
# DATA_IN=97
# UVM_INFO monitor.sv(27) @ 1175: uvm_test_top.env_o.agt.mon [MONITOR] Monitoring data: 
# wn=1 
# FULL=1 
# DATA_IN=167
# UVM_INFO monitor.sv(35) @ 1195: uvm_test_top.env_o.agt.mon [MONITOR] Monitoring data: 
# rn=1 
# EMPTY=0 
# DATA_OUT=2
# UVM_INFO scoreboard.sv(36) @ 1195: uvm_test_top.env_o.sb [scoreboard] MATCH: DATA_OUT=  2, Expected=          2
# UVM_INFO driver.sv(40) @ 1195: uvm_test_top.env_o.agt.drv [DRIVER] DRIVER data: 
# rn=1 
# DATA_OUT=2
# UVM_INFO driver.sv(31) @ 1205: uvm_test_top.env_o.agt.drv [DRIVER] DRIVER data: 
# wn=0 
# DATA_IN=167
# UVM_INFO monitor.sv(27) @ 1215: uvm_test_top.env_o.agt.mon [MONITOR] Monitoring data: 
# wn=1 
# FULL=0 
# DATA_IN=34
# UVM_INFO driver.sv(31) @ 1225: uvm_test_top.env_o.agt.drv [DRIVER] DRIVER data: 
# wn=0 
# DATA_IN=34
# UVM_INFO monitor.sv(27) @ 1235: uvm_test_top.env_o.agt.mon [MONITOR] Monitoring data: 
# wn=1 
# FULL=1 
# DATA_IN=88
# UVM_INFO driver.sv(31) @ 1245: uvm_test_top.env_o.agt.drv [DRIVER] DRIVER data: 
# wn=0 
# DATA_IN=88
# UVM_INFO monitor.sv(27) @ 1255: uvm_test_top.env_o.agt.mon [MONITOR] Monitoring data: 
# wn=1 
# FULL=1 
# DATA_IN=170
# UVM_INFO driver.sv(31) @ 1265: uvm_test_top.env_o.agt.drv [DRIVER] DRIVER data: 
# wn=0 
# DATA_IN=170
# UVM_INFO monitor.sv(27) @ 1275: uvm_test_top.env_o.agt.mon [MONITOR] Monitoring data: 
# wn=1 
# FULL=1 
# DATA_IN=150
# UVM_INFO driver.sv(31) @ 1285: uvm_test_top.env_o.agt.drv [DRIVER] DRIVER data: 
# wn=0 
# DATA_IN=150
# UVM_INFO monitor.sv(27) @ 1295: uvm_test_top.env_o.agt.mon [MONITOR] Monitoring data: 
# wn=1 
# FULL=1 
# DATA_IN=97
# UVM_INFO monitor.sv(35) @ 1315: uvm_test_top.env_o.agt.mon [MONITOR] Monitoring data: 
# rn=1 
# EMPTY=0 
# DATA_OUT=195
# UVM_INFO scoreboard.sv(36) @ 1315: uvm_test_top.env_o.sb [scoreboard] MATCH: DATA_OUT=195, Expected=        195
# UVM_INFO driver.sv(40) @ 1315: uvm_test_top.env_o.agt.drv [DRIVER] DRIVER data: 
# rn=1 
# DATA_OUT=195
# UVM_INFO driver.sv(31) @ 1325: uvm_test_top.env_o.agt.drv [DRIVER] DRIVER data: 
# wn=0 
# DATA_IN=97
# UVM_INFO monitor.sv(27) @ 1335: uvm_test_top.env_o.agt.mon [MONITOR] Monitoring data: 
# wn=1 
# FULL=0 
# DATA_IN=116
# UVM_INFO driver.sv(31) @ 1345: uvm_test_top.env_o.agt.drv [DRIVER] DRIVER data: 
# wn=0 
# DATA_IN=116
# UVM_INFO monitor.sv(27) @ 1355: uvm_test_top.env_o.agt.mon [MONITOR] Monitoring data: 
# wn=1 
# FULL=1 
# DATA_IN=228
# UVM_INFO driver.sv(31) @ 1365: uvm_test_top.env_o.agt.drv [DRIVER] DRIVER data: 
# wn=0 
# DATA_IN=228
# UVM_INFO monitor.sv(27) @ 1375: uvm_test_top.env_o.agt.mon [MONITOR] Monitoring data: 
# wn=1 
# FULL=1 
# DATA_IN=213
# UVM_INFO driver.sv(31) @ 1385: uvm_test_top.env_o.agt.drv [DRIVER] DRIVER data: 
# wn=0 
# DATA_IN=213
# UVM_INFO monitor.sv(27) @ 1395: uvm_test_top.env_o.agt.mon [MONITOR] Monitoring data: 
# wn=1 
# FULL=1 
# DATA_IN=183
# UVM_INFO driver.sv(31) @ 1405: uvm_test_top.env_o.agt.drv [DRIVER] DRIVER data: 
# wn=0 
# DATA_IN=183
# UVM_INFO monitor.sv(27) @ 1415: uvm_test_top.env_o.agt.mon [MONITOR] Monitoring data: 
# wn=1 
# FULL=1 
# DATA_IN=124
# UVM_INFO fill_and_empty_seq.sv(20) @ 1415: uvm_test_top.env_o.agt.seqr@@fe_seq [fill_and_empty_seq] Emptying the FIFO...
# UVM_INFO monitor.sv(35) @ 1435: uvm_test_top.env_o.agt.mon [MONITOR] Monitoring data: 
# rn=1 
# EMPTY=0 
# DATA_OUT=25
# UVM_INFO scoreboard.sv(36) @ 1435: uvm_test_top.env_o.sb [scoreboard] MATCH: DATA_OUT= 25, Expected=         25
# UVM_INFO driver.sv(40) @ 1435: uvm_test_top.env_o.agt.drv [DRIVER] DRIVER data: 
# rn=1 
# DATA_OUT=25
# UVM_INFO driver.sv(31) @ 1445: uvm_test_top.env_o.agt.drv [DRIVER] DRIVER data: 
# wn=0 
# DATA_IN=124
# UVM_INFO monitor.sv(27) @ 1455: uvm_test_top.env_o.agt.mon [MONITOR] Monitoring data: 
# wn=1 
# FULL=0 
# DATA_IN=219
# UVM_INFO monitor.sv(35) @ 1475: uvm_test_top.env_o.agt.mon [MONITOR] Monitoring data: 
# rn=1 
# EMPTY=0 
# DATA_OUT=181
# UVM_INFO scoreboard.sv(36) @ 1475: uvm_test_top.env_o.sb [scoreboard] MATCH: DATA_OUT=181, Expected=        181
# UVM_INFO driver.sv(40) @ 1475: uvm_test_top.env_o.agt.drv [DRIVER] DRIVER data: 
# rn=1 
# DATA_OUT=181
# UVM_INFO driver.sv(31) @ 1485: uvm_test_top.env_o.agt.drv [DRIVER] DRIVER data: 
# wn=0 
# DATA_IN=219
# UVM_INFO monitor.sv(27) @ 1495: uvm_test_top.env_o.agt.mon [MONITOR] Monitoring data: 
# wn=1 
# FULL=0 
# DATA_IN=60
# UVM_INFO driver.sv(31) @ 1505: uvm_test_top.env_o.agt.drv [DRIVER] DRIVER data: 
# wn=0 
# DATA_IN=60
# UVM_INFO monitor.sv(27) @ 1515: uvm_test_top.env_o.agt.mon [MONITOR] Monitoring data: 
# wn=1 
# FULL=1 
# DATA_IN=250
# UVM_INFO driver.sv(31) @ 1525: uvm_test_top.env_o.agt.drv [DRIVER] DRIVER data: 
# wn=0 
# DATA_IN=250
# UVM_INFO monitor.sv(27) @ 1535: uvm_test_top.env_o.agt.mon [MONITOR] Monitoring data: 
# wn=1 
# FULL=1 
# DATA_IN=83
# UVM_INFO monitor.sv(35) @ 1555: uvm_test_top.env_o.agt.mon [MONITOR] Monitoring data: 
# rn=1 
# EMPTY=0 
# DATA_OUT=223
# UVM_INFO scoreboard.sv(36) @ 1555: uvm_test_top.env_o.sb [scoreboard] MATCH: DATA_OUT=223, Expected=        223
# UVM_INFO driver.sv(40) @ 1555: uvm_test_top.env_o.agt.drv [DRIVER] DRIVER data: 
# rn=1 
# DATA_OUT=223
# UVM_INFO driver.sv(31) @ 1565: uvm_test_top.env_o.agt.drv [DRIVER] DRIVER data: 
# wn=0 
# DATA_IN=83
# UVM_INFO monitor.sv(27) @ 1575: uvm_test_top.env_o.agt.mon [MONITOR] Monitoring data: 
# wn=1 
# FULL=0 
# DATA_IN=158
# UVM_INFO monitor.sv(35) @ 1595: uvm_test_top.env_o.agt.mon [MONITOR] Monitoring data: 
# rn=1 
# EMPTY=0 
# DATA_OUT=2
# UVM_INFO scoreboard.sv(36) @ 1595: uvm_test_top.env_o.sb [scoreboard] MATCH: DATA_OUT=  2, Expected=          2
# UVM_INFO driver.sv(40) @ 1595: uvm_test_top.env_o.agt.drv [DRIVER] DRIVER data: 
# rn=1 
# DATA_OUT=2
# UVM_INFO driver.sv(31) @ 1605: uvm_test_top.env_o.agt.drv [DRIVER] DRIVER data: 
# wn=0 
# DATA_IN=158
# UVM_INFO monitor.sv(27) @ 1615: uvm_test_top.env_o.agt.mon [MONITOR] Monitoring data: 
# wn=1 
# FULL=0 
# DATA_IN=35
# UVM_INFO driver.sv(31) @ 1625: uvm_test_top.env_o.agt.drv [DRIVER] DRIVER data: 
# wn=0 
# DATA_IN=35
# UVM_INFO monitor.sv(27) @ 1635: uvm_test_top.env_o.agt.mon [MONITOR] Monitoring data: 
# wn=1 
# FULL=1 
# DATA_IN=170
# UVM_INFO monitor.sv(35) @ 1655: uvm_test_top.env_o.agt.mon [MONITOR] Monitoring data: 
# rn=1 
# EMPTY=0 
# DATA_OUT=5
# UVM_INFO scoreboard.sv(36) @ 1655: uvm_test_top.env_o.sb [scoreboard] MATCH: DATA_OUT=  5, Expected=          5
# UVM_INFO driver.sv(40) @ 1655: uvm_test_top.env_o.agt.drv [DRIVER] DRIVER data: 
# rn=1 
# DATA_OUT=5
# UVM_INFO monitor.sv(35) @ 1675: uvm_test_top.env_o.agt.mon [MONITOR] Monitoring data: 
# rn=1 
# EMPTY=0 
# DATA_OUT=236
# UVM_INFO scoreboard.sv(36) @ 1675: uvm_test_top.env_o.sb [scoreboard] MATCH: DATA_OUT=236, Expected=        236
# UVM_INFO driver.sv(40) @ 1675: uvm_test_top.env_o.agt.drv [DRIVER] DRIVER data: 
# rn=1 
# DATA_OUT=236
# UVM_INFO driver.sv(31) @ 1685: uvm_test_top.env_o.agt.drv [DRIVER] DRIVER data: 
# wn=0 
# DATA_IN=170
# UVM_INFO monitor.sv(27) @ 1695: uvm_test_top.env_o.agt.mon [MONITOR] Monitoring data: 
# wn=1 
# FULL=0 
# DATA_IN=114
# UVM_INFO driver.sv(31) @ 1705: uvm_test_top.env_o.agt.drv [DRIVER] DRIVER data: 
# wn=0 
# DATA_IN=114
# UVM_INFO monitor.sv(27) @ 1715: uvm_test_top.env_o.agt.mon [MONITOR] Monitoring data: 
# wn=1 
# FULL=0 
# DATA_IN=175
# UVM_INFO driver.sv(31) @ 1725: uvm_test_top.env_o.agt.drv [DRIVER] DRIVER data: 
# wn=0 
# DATA_IN=175
# UVM_INFO monitor.sv(27) @ 1735: uvm_test_top.env_o.agt.mon [MONITOR] Monitoring data: 
# wn=1 
# FULL=1 
# DATA_IN=204
# UVM_INFO driver.sv(31) @ 1745: uvm_test_top.env_o.agt.drv [DRIVER] DRIVER data: 
# wn=0 
# DATA_IN=204
# UVM_INFO monitor.sv(27) @ 1755: uvm_test_top.env_o.agt.mon [MONITOR] Monitoring data: 
# wn=1 
# FULL=1 
# DATA_IN=177
# UVM_INFO driver.sv(31) @ 1765: uvm_test_top.env_o.agt.drv [DRIVER] DRIVER data: 
# wn=0 
# DATA_IN=177
# UVM_INFO monitor.sv(27) @ 1775: uvm_test_top.env_o.agt.mon [MONITOR] Monitoring data: 
# wn=1 
# FULL=1 
# DATA_IN=38
# UVM_INFO monitor.sv(35) @ 1795: uvm_test_top.env_o.agt.mon [MONITOR] Monitoring data: 
# rn=1 
# EMPTY=0 
# DATA_OUT=34
# UVM_INFO scoreboard.sv(36) @ 1795: uvm_test_top.env_o.sb [scoreboard] MATCH: DATA_OUT= 34, Expected=         34
# UVM_INFO driver.sv(40) @ 1795: uvm_test_top.env_o.agt.drv [DRIVER] DRIVER data: 
# rn=1 
# DATA_OUT=34
# UVM_INFO driver.sv(31) @ 1805: uvm_test_top.env_o.agt.drv [DRIVER] DRIVER data: 
# wn=0 
# DATA_IN=38
# UVM_INFO monitor.sv(27) @ 1815: uvm_test_top.env_o.agt.mon [MONITOR] Monitoring data: 
# wn=1 
# FULL=0 
# DATA_IN=172
# UVM_INFO driver.sv(31) @ 1825: uvm_test_top.env_o.agt.drv [DRIVER] DRIVER data: 
# wn=0 
# DATA_IN=172
# UVM_INFO monitor.sv(27) @ 1835: uvm_test_top.env_o.agt.mon [MONITOR] Monitoring data: 
# wn=1 
# FULL=1 
# DATA_IN=247
# UVM_INFO driver.sv(31) @ 1845: uvm_test_top.env_o.agt.drv [DRIVER] DRIVER data: 
# wn=0 
# DATA_IN=247
# UVM_INFO monitor.sv(27) @ 1855: uvm_test_top.env_o.agt.mon [MONITOR] Monitoring data: 
# wn=1 
# FULL=1 
# DATA_IN=82
# UVM_INFO driver.sv(31) @ 1865: uvm_test_top.env_o.agt.drv [DRIVER] DRIVER data: 
# wn=0 
# DATA_IN=82
# UVM_INFO monitor.sv(27) @ 1875: uvm_test_top.env_o.agt.mon [MONITOR] Monitoring data: 
# wn=1 
# FULL=1 
# DATA_IN=248
# UVM_INFO monitor.sv(35) @ 1895: uvm_test_top.env_o.agt.mon [MONITOR] Monitoring data: 
# rn=1 
# EMPTY=0 
# DATA_OUT=116
# UVM_INFO scoreboard.sv(36) @ 1895: uvm_test_top.env_o.sb [scoreboard] MATCH: DATA_OUT=116, Expected=        116
# UVM_INFO driver.sv(40) @ 1895: uvm_test_top.env_o.agt.drv [DRIVER] DRIVER data: 
# rn=1 
# DATA_OUT=116
# UVM_INFO fill_and_empty_seq.sv(11) @ 1895: uvm_test_top.env_o.agt.seqr@@fe_seq [fill_and_empty_seq] Filling the FIFO...
# UVM_INFO driver.sv(31) @ 1905: uvm_test_top.env_o.agt.drv [DRIVER] DRIVER data: 
# wn=0 
# DATA_IN=248
# UVM_INFO monitor.sv(27) @ 1915: uvm_test_top.env_o.agt.mon [MONITOR] Monitoring data: 
# wn=1 
# FULL=0 
# DATA_IN=168
# UVM_INFO driver.sv(31) @ 1925: uvm_test_top.env_o.agt.drv [DRIVER] DRIVER data: 
# wn=0 
# DATA_IN=168
# UVM_INFO monitor.sv(27) @ 1935: uvm_test_top.env_o.agt.mon [MONITOR] Monitoring data: 
# wn=1 
# FULL=1 
# DATA_IN=12
# UVM_INFO driver.sv(31) @ 1945: uvm_test_top.env_o.agt.drv [DRIVER] DRIVER data: 
# wn=0 
# DATA_IN=12
# UVM_INFO monitor.sv(27) @ 1955: uvm_test_top.env_o.agt.mon [MONITOR] Monitoring data: 
# wn=1 
# FULL=1 
# DATA_IN=225
# UVM_INFO driver.sv(31) @ 1965: uvm_test_top.env_o.agt.drv [DRIVER] DRIVER data: 
# wn=0 
# DATA_IN=225
# UVM_INFO monitor.sv(27) @ 1975: uvm_test_top.env_o.agt.mon [MONITOR] Monitoring data: 
# wn=1 
# FULL=1 
# DATA_IN=106
# UVM_INFO driver.sv(31) @ 1985: uvm_test_top.env_o.agt.drv [DRIVER] DRIVER data: 
# wn=0 
# DATA_IN=106
# UVM_INFO monitor.sv(27) @ 1995: uvm_test_top.env_o.agt.mon [MONITOR] Monitoring data: 
# wn=1 
# FULL=1 
# DATA_IN=144
# UVM_INFO driver.sv(31) @ 2005: uvm_test_top.env_o.agt.drv [DRIVER] DRIVER data: 
# wn=0 
# DATA_IN=144
# UVM_INFO monitor.sv(27) @ 2015: uvm_test_top.env_o.agt.mon [MONITOR] Monitoring data: 
# wn=1 
# FULL=1 
# DATA_IN=54
# UVM_INFO driver.sv(31) @ 2025: uvm_test_top.env_o.agt.drv [DRIVER] DRIVER data: 
# wn=0 
# DATA_IN=54
# UVM_INFO monitor.sv(27) @ 2035: uvm_test_top.env_o.agt.mon [MONITOR] Monitoring data: 
# wn=1 
# FULL=1 
# DATA_IN=33
# UVM_INFO driver.sv(31) @ 2045: uvm_test_top.env_o.agt.drv [DRIVER] DRIVER data: 
# wn=0 
# DATA_IN=33
# UVM_INFO monitor.sv(27) @ 2055: uvm_test_top.env_o.agt.mon [MONITOR] Monitoring data: 
# wn=1 
# FULL=1 
# DATA_IN=50
# UVM_INFO driver.sv(31) @ 2065: uvm_test_top.env_o.agt.drv [DRIVER] DRIVER data: 
# wn=0 
# DATA_IN=50
# UVM_INFO monitor.sv(27) @ 2075: uvm_test_top.env_o.agt.mon [MONITOR] Monitoring data: 
# wn=1 
# FULL=1 
# DATA_IN=34
# UVM_INFO driver.sv(31) @ 2085: uvm_test_top.env_o.agt.drv [DRIVER] DRIVER data: 
# wn=0 
# DATA_IN=34
# UVM_INFO monitor.sv(27) @ 2095: uvm_test_top.env_o.agt.mon [MONITOR] Monitoring data: 
# wn=1 
# FULL=1 
# DATA_IN=16
# UVM_INFO driver.sv(31) @ 2105: uvm_test_top.env_o.agt.drv [DRIVER] DRIVER data: 
# wn=0 
# DATA_IN=16
# UVM_INFO monitor.sv(27) @ 2115: uvm_test_top.env_o.agt.mon [MONITOR] Monitoring data: 
# wn=1 
# FULL=1 
# DATA_IN=62
# UVM_INFO driver.sv(31) @ 2125: uvm_test_top.env_o.agt.drv [DRIVER] DRIVER data: 
# wn=0 
# DATA_IN=62
# UVM_INFO monitor.sv(27) @ 2135: uvm_test_top.env_o.agt.mon [MONITOR] Monitoring data: 
# wn=1 
# FULL=1 
# DATA_IN=114
# UVM_INFO monitor.sv(35) @ 2155: uvm_test_top.env_o.agt.mon [MONITOR] Monitoring data: 
# rn=1 
# EMPTY=0 
# DATA_OUT=219
# UVM_INFO scoreboard.sv(36) @ 2155: uvm_test_top.env_o.sb [scoreboard] MATCH: DATA_OUT=219, Expected=        219
# UVM_INFO driver.sv(40) @ 2155: uvm_test_top.env_o.agt.drv [DRIVER] DRIVER data: 
# rn=1 
# DATA_OUT=219
# UVM_INFO driver.sv(31) @ 2165: uvm_test_top.env_o.agt.drv [DRIVER] DRIVER data: 
# wn=0 
# DATA_IN=114
# UVM_INFO monitor.sv(27) @ 2175: uvm_test_top.env_o.agt.mon [MONITOR] Monitoring data: 
# wn=1 
# FULL=0 
# DATA_IN=164
# UVM_INFO driver.sv(31) @ 2185: uvm_test_top.env_o.agt.drv [DRIVER] DRIVER data: 
# wn=0 
# DATA_IN=164
# UVM_INFO monitor.sv(27) @ 2195: uvm_test_top.env_o.agt.mon [MONITOR] Monitoring data: 
# wn=1 
# FULL=1 
# DATA_IN=125
# UVM_INFO driver.sv(31) @ 2205: uvm_test_top.env_o.agt.drv [DRIVER] DRIVER data: 
# wn=0 
# DATA_IN=125
# UVM_INFO monitor.sv(27) @ 2215: uvm_test_top.env_o.agt.mon [MONITOR] Monitoring data: 
# wn=1 
# FULL=1 
# DATA_IN=24
# UVM_INFO driver.sv(31) @ 2225: uvm_test_top.env_o.agt.drv [DRIVER] DRIVER data: 
# wn=0 
# DATA_IN=24
# UVM_INFO monitor.sv(27) @ 2235: uvm_test_top.env_o.agt.mon [MONITOR] Monitoring data: 
# wn=1 
# FULL=1 
# DATA_IN=20
# UVM_INFO driver.sv(31) @ 2245: uvm_test_top.env_o.agt.drv [DRIVER] DRIVER data: 
# wn=0 
# DATA_IN=20
# UVM_INFO monitor.sv(27) @ 2255: uvm_test_top.env_o.agt.mon [MONITOR] Monitoring data: 
# wn=1 
# FULL=1 
# DATA_IN=137
# UVM_INFO driver.sv(31) @ 2265: uvm_test_top.env_o.agt.drv [DRIVER] DRIVER data: 
# wn=0 
# DATA_IN=137
# UVM_INFO monitor.sv(27) @ 2275: uvm_test_top.env_o.agt.mon [MONITOR] Monitoring data: 
# wn=1 
# FULL=1 
# DATA_IN=118
# UVM_INFO driver.sv(31) @ 2285: uvm_test_top.env_o.agt.drv [DRIVER] DRIVER data: 
# wn=0 
# DATA_IN=118
# UVM_INFO monitor.sv(27) @ 2295: uvm_test_top.env_o.agt.mon [MONITOR] Monitoring data: 
# wn=1 
# FULL=1 
# DATA_IN=53
# UVM_INFO driver.sv(31) @ 2305: uvm_test_top.env_o.agt.drv [DRIVER] DRIVER data: 
# wn=0 
# DATA_IN=53
# UVM_INFO monitor.sv(27) @ 2315: uvm_test_top.env_o.agt.mon [MONITOR] Monitoring data: 
# wn=1 
# FULL=1 
# DATA_IN=161
# UVM_INFO driver.sv(31) @ 2325: uvm_test_top.env_o.agt.drv [DRIVER] DRIVER data: 
# wn=0 
# DATA_IN=161
# UVM_INFO monitor.sv(27) @ 2335: uvm_test_top.env_o.agt.mon [MONITOR] Monitoring data: 
# wn=1 
# FULL=1 
# DATA_IN=60
# UVM_INFO driver.sv(31) @ 2345: uvm_test_top.env_o.agt.drv [DRIVER] DRIVER data: 
# wn=0 
# DATA_IN=60
# UVM_INFO monitor.sv(27) @ 2355: uvm_test_top.env_o.agt.mon [MONITOR] Monitoring data: 
# wn=1 
# FULL=1 
# DATA_IN=215
# UVM_INFO driver.sv(31) @ 2365: uvm_test_top.env_o.agt.drv [DRIVER] DRIVER data: 
# wn=0 
# DATA_IN=215
# UVM_INFO monitor.sv(27) @ 2375: uvm_test_top.env_o.agt.mon [MONITOR] Monitoring data: 
# wn=1 
# FULL=1 
# DATA_IN=117
# UVM_INFO fill_and_empty_seq.sv(20) @ 2375: uvm_test_top.env_o.agt.seqr@@fe_seq [fill_and_empty_seq] Emptying the FIFO...
# UVM_INFO driver.sv(31) @ 2385: uvm_test_top.env_o.agt.drv [DRIVER] DRIVER data: 
# wn=0 
# DATA_IN=117
# UVM_INFO monitor.sv(27) @ 2395: uvm_test_top.env_o.agt.mon [MONITOR] Monitoring data: 
# wn=1 
# FULL=1 
# DATA_IN=228
# UVM_INFO driver.sv(31) @ 2405: uvm_test_top.env_o.agt.drv [DRIVER] DRIVER data: 
# wn=0 
# DATA_IN=228
# UVM_INFO monitor.sv(27) @ 2415: uvm_test_top.env_o.agt.mon [MONITOR] Monitoring data: 
# wn=1 
# FULL=1 
# DATA_IN=225
# UVM_INFO monitor.sv(35) @ 2435: uvm_test_top.env_o.agt.mon [MONITOR] Monitoring data: 
# rn=1 
# EMPTY=0 
# DATA_OUT=60
# UVM_INFO scoreboard.sv(36) @ 2435: uvm_test_top.env_o.sb [scoreboard] MATCH: DATA_OUT= 60, Expected=         60
# UVM_INFO driver.sv(40) @ 2435: uvm_test_top.env_o.agt.drv [DRIVER] DRIVER data: 
# rn=1 
# DATA_OUT=60
# UVM_INFO driver.sv(31) @ 2445: uvm_test_top.env_o.agt.drv [DRIVER] DRIVER data: 
# wn=0 
# DATA_IN=225
# UVM_INFO monitor.sv(27) @ 2455: uvm_test_top.env_o.agt.mon [MONITOR] Monitoring data: 
# wn=1 
# FULL=0 
# DATA_IN=13
# UVM_INFO monitor.sv(35) @ 2475: uvm_test_top.env_o.agt.mon [MONITOR] Monitoring data: 
# rn=1 
# EMPTY=0 
# DATA_OUT=158
# UVM_INFO scoreboard.sv(36) @ 2475: uvm_test_top.env_o.sb [scoreboard] MATCH: DATA_OUT=158, Expected=        158
# UVM_INFO driver.sv(40) @ 2475: uvm_test_top.env_o.agt.drv [DRIVER] DRIVER data: 
# rn=1 
# DATA_OUT=158
# UVM_INFO driver.sv(31) @ 2485: uvm_test_top.env_o.agt.drv [DRIVER] DRIVER data: 
# wn=0 
# DATA_IN=13
# UVM_INFO monitor.sv(27) @ 2495: uvm_test_top.env_o.agt.mon [MONITOR] Monitoring data: 
# wn=1 
# FULL=0 
# DATA_IN=224
# UVM_INFO monitor.sv(35) @ 2515: uvm_test_top.env_o.agt.mon [MONITOR] Monitoring data: 
# rn=1 
# EMPTY=0 
# DATA_OUT=35
# UVM_INFO scoreboard.sv(36) @ 2515: uvm_test_top.env_o.sb [scoreboard] MATCH: DATA_OUT= 35, Expected=         35
# UVM_INFO driver.sv(40) @ 2515: uvm_test_top.env_o.agt.drv [DRIVER] DRIVER data: 
# rn=1 
# DATA_OUT=35
# UVM_INFO driver.sv(31) @ 2525: uvm_test_top.env_o.agt.drv [DRIVER] DRIVER data: 
# wn=0 
# DATA_IN=224
# UVM_INFO monitor.sv(27) @ 2535: uvm_test_top.env_o.agt.mon [MONITOR] Monitoring data: 
# wn=1 
# FULL=0 
# DATA_IN=192
# UVM_INFO driver.sv(31) @ 2545: uvm_test_top.env_o.agt.drv [DRIVER] DRIVER data: 
# wn=0 
# DATA_IN=192
# UVM_INFO monitor.sv(27) @ 2555: uvm_test_top.env_o.agt.mon [MONITOR] Monitoring data: 
# wn=1 
# FULL=1 
# DATA_IN=23
# UVM_INFO driver.sv(31) @ 2565: uvm_test_top.env_o.agt.drv [DRIVER] DRIVER data: 
# wn=0 
# DATA_IN=23
# UVM_INFO monitor.sv(27) @ 2575: uvm_test_top.env_o.agt.mon [MONITOR] Monitoring data: 
# wn=1 
# FULL=1 
# DATA_IN=113
# UVM_INFO monitor.sv(35) @ 2595: uvm_test_top.env_o.agt.mon [MONITOR] Monitoring data: 
# rn=1 
# EMPTY=0 
# DATA_OUT=114
# UVM_INFO scoreboard.sv(36) @ 2595: uvm_test_top.env_o.sb [scoreboard] MATCH: DATA_OUT=114, Expected=        114
# UVM_INFO driver.sv(40) @ 2595: uvm_test_top.env_o.agt.drv [DRIVER] DRIVER data: 
# rn=1 
# DATA_OUT=114
# UVM_INFO driver.sv(31) @ 2605: uvm_test_top.env_o.agt.drv [DRIVER] DRIVER data: 
# wn=0 
# DATA_IN=113
# UVM_INFO monitor.sv(27) @ 2615: uvm_test_top.env_o.agt.mon [MONITOR] Monitoring data: 
# wn=1 
# FULL=0 
# DATA_IN=80
# UVM_INFO monitor.sv(35) @ 2635: uvm_test_top.env_o.agt.mon [MONITOR] Monitoring data: 
# rn=1 
# EMPTY=0 
# DATA_OUT=175
# UVM_INFO scoreboard.sv(36) @ 2635: uvm_test_top.env_o.sb [scoreboard] MATCH: DATA_OUT=175, Expected=        175
# UVM_INFO driver.sv(40) @ 2635: uvm_test_top.env_o.agt.drv [DRIVER] DRIVER data: 
# rn=1 
# DATA_OUT=175
# UVM_INFO driver.sv(31) @ 2645: uvm_test_top.env_o.agt.drv [DRIVER] DRIVER data: 
# wn=0 
# DATA_IN=80
# UVM_INFO monitor.sv(27) @ 2655: uvm_test_top.env_o.agt.mon [MONITOR] Monitoring data: 
# wn=1 
# FULL=0 
# DATA_IN=242
# UVM_INFO monitor.sv(35) @ 2675: uvm_test_top.env_o.agt.mon [MONITOR] Monitoring data: 
# rn=1 
# EMPTY=0 
# DATA_OUT=172
# UVM_INFO scoreboard.sv(36) @ 2675: uvm_test_top.env_o.sb [scoreboard] MATCH: DATA_OUT=172, Expected=        172
# UVM_INFO driver.sv(40) @ 2675: uvm_test_top.env_o.agt.drv [DRIVER] DRIVER data: 
# rn=1 
# DATA_OUT=172
# UVM_INFO driver.sv(31) @ 2685: uvm_test_top.env_o.agt.drv [DRIVER] DRIVER data: 
# wn=0 
# DATA_IN=242
# UVM_INFO monitor.sv(27) @ 2695: uvm_test_top.env_o.agt.mon [MONITOR] Monitoring data: 
# wn=1 
# FULL=0 
# DATA_IN=103
# UVM_INFO driver.sv(31) @ 2705: uvm_test_top.env_o.agt.drv [DRIVER] DRIVER data: 
# wn=0 
# DATA_IN=103
# UVM_INFO monitor.sv(27) @ 2715: uvm_test_top.env_o.agt.mon [MONITOR] Monitoring data: 
# wn=1 
# FULL=1 
# DATA_IN=215
# UVM_INFO fill_and_empty_seq.sv(11) @ 2715: uvm_test_top.env_o.agt.seqr@@fe_seq [fill_and_empty_seq] Filling the FIFO...
# UVM_INFO driver.sv(31) @ 2725: uvm_test_top.env_o.agt.drv [DRIVER] DRIVER data: 
# wn=0 
# DATA_IN=215
# UVM_INFO monitor.sv(27) @ 2735: uvm_test_top.env_o.agt.mon [MONITOR] Monitoring data: 
# wn=1 
# FULL=1 
# DATA_IN=65
# UVM_INFO driver.sv(31) @ 2745: uvm_test_top.env_o.agt.drv [DRIVER] DRIVER data: 
# wn=0 
# DATA_IN=65
# UVM_INFO monitor.sv(27) @ 2755: uvm_test_top.env_o.agt.mon [MONITOR] Monitoring data: 
# wn=1 
# FULL=1 
# DATA_IN=172
# UVM_INFO driver.sv(31) @ 2765: uvm_test_top.env_o.agt.drv [DRIVER] DRIVER data: 
# wn=0 
# DATA_IN=172
# UVM_INFO monitor.sv(27) @ 2775: uvm_test_top.env_o.agt.mon [MONITOR] Monitoring data: 
# wn=1 
# FULL=1 
# DATA_IN=25
# UVM_INFO driver.sv(31) @ 2785: uvm_test_top.env_o.agt.drv [DRIVER] DRIVER data: 
# wn=0 
# DATA_IN=25
# UVM_INFO monitor.sv(27) @ 2795: uvm_test_top.env_o.agt.mon [MONITOR] Monitoring data: 
# wn=1 
# FULL=1 
# DATA_IN=172
# UVM_INFO driver.sv(31) @ 2805: uvm_test_top.env_o.agt.drv [DRIVER] DRIVER data: 
# wn=0 
# DATA_IN=172
# UVM_INFO monitor.sv(27) @ 2815: uvm_test_top.env_o.agt.mon [MONITOR] Monitoring data: 
# wn=1 
# FULL=1 
# DATA_IN=69
# UVM_INFO driver.sv(31) @ 2825: uvm_test_top.env_o.agt.drv [DRIVER] DRIVER data: 
# wn=0 
# DATA_IN=69
# UVM_INFO monitor.sv(27) @ 2835: uvm_test_top.env_o.agt.mon [MONITOR] Monitoring data: 
# wn=1 
# FULL=1 
# DATA_IN=169
# UVM_INFO driver.sv(31) @ 2845: uvm_test_top.env_o.agt.drv [DRIVER] DRIVER data: 
# wn=0 
# DATA_IN=169
# UVM_INFO monitor.sv(27) @ 2855: uvm_test_top.env_o.agt.mon [MONITOR] Monitoring data: 
# wn=1 
# FULL=1 
# DATA_IN=238
# UVM_INFO driver.sv(31) @ 2865: uvm_test_top.env_o.agt.drv [DRIVER] DRIVER data: 
# wn=0 
# DATA_IN=238
# UVM_INFO monitor.sv(27) @ 2875: uvm_test_top.env_o.agt.mon [MONITOR] Monitoring data: 
# wn=1 
# FULL=1 
# DATA_IN=238
# UVM_INFO driver.sv(31) @ 2885: uvm_test_top.env_o.agt.drv [DRIVER] DRIVER data: 
# wn=0 
# DATA_IN=238
# UVM_INFO monitor.sv(27) @ 2895: uvm_test_top.env_o.agt.mon [MONITOR] Monitoring data: 
# wn=1 
# FULL=1 
# DATA_IN=220
# UVM_INFO driver.sv(31) @ 2905: uvm_test_top.env_o.agt.drv [DRIVER] DRIVER data: 
# wn=0 
# DATA_IN=220
# UVM_INFO monitor.sv(27) @ 2915: uvm_test_top.env_o.agt.mon [MONITOR] Monitoring data: 
# wn=1 
# FULL=1 
# DATA_IN=202
# UVM_INFO driver.sv(31) @ 2925: uvm_test_top.env_o.agt.drv [DRIVER] DRIVER data: 
# wn=0 
# DATA_IN=202
# UVM_INFO monitor.sv(27) @ 2935: uvm_test_top.env_o.agt.mon [MONITOR] Monitoring data: 
# wn=1 
# FULL=1 
# DATA_IN=152
# UVM_INFO driver.sv(31) @ 2945: uvm_test_top.env_o.agt.drv [DRIVER] DRIVER data: 
# wn=0 
# DATA_IN=152
# UVM_INFO monitor.sv(27) @ 2955: uvm_test_top.env_o.agt.mon [MONITOR] Monitoring data: 
# wn=1 
# FULL=1 
# DATA_IN=80
# UVM_INFO driver.sv(31) @ 2965: uvm_test_top.env_o.agt.drv [DRIVER] DRIVER data: 
# wn=0 
# DATA_IN=80
# UVM_INFO monitor.sv(27) @ 2975: uvm_test_top.env_o.agt.mon [MONITOR] Monitoring data: 
# wn=1 
# FULL=1 
# DATA_IN=81
# UVM_INFO driver.sv(31) @ 2985: uvm_test_top.env_o.agt.drv [DRIVER] DRIVER data: 
# wn=0 
# DATA_IN=81
# UVM_INFO monitor.sv(27) @ 2995: uvm_test_top.env_o.agt.mon [MONITOR] Monitoring data: 
# wn=1 
# FULL=1 
# DATA_IN=62
# UVM_INFO driver.sv(31) @ 3005: uvm_test_top.env_o.agt.drv [DRIVER] DRIVER data: 
# wn=0 
# DATA_IN=62
# UVM_INFO monitor.sv(27) @ 3015: uvm_test_top.env_o.agt.mon [MONITOR] Monitoring data: 
# wn=1 
# FULL=1 
# DATA_IN=127
# UVM_INFO driver.sv(31) @ 3025: uvm_test_top.env_o.agt.drv [DRIVER] DRIVER data: 
# wn=0 
# DATA_IN=127
# UVM_INFO monitor.sv(27) @ 3035: uvm_test_top.env_o.agt.mon [MONITOR] Monitoring data: 
# wn=1 
# FULL=1 
# DATA_IN=118
# UVM_INFO fill_and_empty_seq.sv(20) @ 3035: uvm_test_top.env_o.agt.seqr@@fe_seq [fill_and_empty_seq] Emptying the FIFO...
# UVM_INFO driver.sv(31) @ 3045: uvm_test_top.env_o.agt.drv [DRIVER] DRIVER data: 
# wn=0 
# DATA_IN=118
# UVM_INFO monitor.sv(27) @ 3055: uvm_test_top.env_o.agt.mon [MONITOR] Monitoring data: 
# wn=1 
# FULL=1 
# DATA_IN=71
# UVM_INFO monitor.sv(35) @ 3075: uvm_test_top.env_o.agt.mon [MONITOR] Monitoring data: 
# rn=1 
# EMPTY=0 
# DATA_OUT=168
# UVM_INFO scoreboard.sv(36) @ 3075: uvm_test_top.env_o.sb [scoreboard] MATCH: DATA_OUT=168, Expected=        168
# UVM_INFO driver.sv(40) @ 3075: uvm_test_top.env_o.agt.drv [DRIVER] DRIVER data: 
# rn=1 
# DATA_OUT=168
# UVM_INFO driver.sv(31) @ 3085: uvm_test_top.env_o.agt.drv [DRIVER] DRIVER data: 
# wn=0 
# DATA_IN=71
# UVM_INFO monitor.sv(27) @ 3095: uvm_test_top.env_o.agt.mon [MONITOR] Monitoring data: 
# wn=1 
# FULL=0 
# DATA_IN=150
# UVM_INFO monitor.sv(35) @ 3115: uvm_test_top.env_o.agt.mon [MONITOR] Monitoring data: 
# rn=1 
# EMPTY=0 
# DATA_OUT=164
# UVM_INFO scoreboard.sv(36) @ 3115: uvm_test_top.env_o.sb [scoreboard] MATCH: DATA_OUT=164, Expected=        164
# UVM_INFO driver.sv(40) @ 3115: uvm_test_top.env_o.agt.drv [DRIVER] DRIVER data: 
# rn=1 
# DATA_OUT=164
# UVM_INFO driver.sv(31) @ 3125: uvm_test_top.env_o.agt.drv [DRIVER] DRIVER data: 
# wn=0 
# DATA_IN=150
# UVM_INFO monitor.sv(27) @ 3135: uvm_test_top.env_o.agt.mon [MONITOR] Monitoring data: 
# wn=1 
# FULL=0 
# DATA_IN=129
# UVM_INFO monitor.sv(35) @ 3155: uvm_test_top.env_o.agt.mon [MONITOR] Monitoring data: 
# rn=1 
# EMPTY=0 
# DATA_OUT=13
# UVM_INFO scoreboard.sv(36) @ 3155: uvm_test_top.env_o.sb [scoreboard] MATCH: DATA_OUT= 13, Expected=         13
# UVM_INFO driver.sv(40) @ 3155: uvm_test_top.env_o.agt.drv [DRIVER] DRIVER data: 
# rn=1 
# DATA_OUT=13
# UVM_INFO driver.sv(31) @ 3165: uvm_test_top.env_o.agt.drv [DRIVER] DRIVER data: 
# wn=0 
# DATA_IN=129
# UVM_INFO monitor.sv(27) @ 3175: uvm_test_top.env_o.agt.mon [MONITOR] Monitoring data: 
# wn=1 
# FULL=0 
# DATA_IN=247
# UVM_INFO monitor.sv(35) @ 3195: uvm_test_top.env_o.agt.mon [MONITOR] Monitoring data: 
# rn=1 
# EMPTY=0 
# DATA_OUT=224
# UVM_INFO scoreboard.sv(36) @ 3195: uvm_test_top.env_o.sb [scoreboard] MATCH: DATA_OUT=224, Expected=        224
# UVM_INFO driver.sv(40) @ 3195: uvm_test_top.env_o.agt.drv [DRIVER] DRIVER data: 
# rn=1 
# DATA_OUT=224
# UVM_INFO driver.sv(31) @ 3205: uvm_test_top.env_o.agt.drv [DRIVER] DRIVER data: 
# wn=0 
# DATA_IN=247
# UVM_INFO monitor.sv(27) @ 3215: uvm_test_top.env_o.agt.mon [MONITOR] Monitoring data: 
# wn=1 
# FULL=0 
# DATA_IN=131
# UVM_INFO monitor.sv(35) @ 3235: uvm_test_top.env_o.agt.mon [MONITOR] Monitoring data: 
# rn=1 
# EMPTY=0 
# DATA_OUT=192
# UVM_INFO scoreboard.sv(36) @ 3235: uvm_test_top.env_o.sb [scoreboard] MATCH: DATA_OUT=192, Expected=        192
# UVM_INFO driver.sv(40) @ 3235: uvm_test_top.env_o.agt.drv [DRIVER] DRIVER data: 
# rn=1 
# DATA_OUT=192
# UVM_INFO driver.sv(31) @ 3245: uvm_test_top.env_o.agt.drv [DRIVER] DRIVER data: 
# wn=0 
# DATA_IN=131
# UVM_INFO monitor.sv(27) @ 3255: uvm_test_top.env_o.agt.mon [MONITOR] Monitoring data: 
# wn=1 
# FULL=0 
# DATA_IN=105
# UVM_INFO driver.sv(31) @ 3265: uvm_test_top.env_o.agt.drv [DRIVER] DRIVER data: 
# wn=0 
# DATA_IN=105
# UVM_INFO monitor.sv(27) @ 3275: uvm_test_top.env_o.agt.mon [MONITOR] Monitoring data: 
# wn=1 
# FULL=1 
# DATA_IN=34
# UVM_INFO driver.sv(31) @ 3285: uvm_test_top.env_o.agt.drv [DRIVER] DRIVER data: 
# wn=0 
# DATA_IN=34
# UVM_INFO monitor.sv(27) @ 3295: uvm_test_top.env_o.agt.mon [MONITOR] Monitoring data: 
# wn=1 
# FULL=1 
# DATA_IN=204
# UVM_INFO driver.sv(31) @ 3305: uvm_test_top.env_o.agt.drv [DRIVER] DRIVER data: 
# wn=0 
# DATA_IN=204
# UVM_INFO monitor.sv(27) @ 3315: uvm_test_top.env_o.agt.mon [MONITOR] Monitoring data: 
# wn=1 
# FULL=1 
# DATA_IN=66
# UVM_INFO driver.sv(31) @ 3325: uvm_test_top.env_o.agt.drv [DRIVER] DRIVER data: 
# wn=0 
# DATA_IN=66
# UVM_INFO monitor.sv(27) @ 3335: uvm_test_top.env_o.agt.mon [MONITOR] Monitoring data: 
# wn=1 
# FULL=1 
# DATA_IN=213
# UVM_INFO base_seq.sv(17) @ 3335: uvm_test_top.env_o.agt.seqr@@bseq [base_seq] ******** Generate 64 Read REQS ********
# UVM_INFO driver.sv(31) @ 3345: uvm_test_top.env_o.agt.drv [DRIVER] DRIVER data: 
# wn=0 
# DATA_IN=213
# UVM_INFO monitor.sv(27) @ 3355: uvm_test_top.env_o.agt.mon [MONITOR] Monitoring data: 
# wn=1 
# FULL=1 
# DATA_IN=18
# UVM_INFO fill_and_empty_seq.sv(11) @ 3355: uvm_test_top.env_o.agt.seqr@@fe_seq [fill_and_empty_seq] Filling the FIFO...
# UVM_INFO monitor.sv(35) @ 3375: uvm_test_top.env_o.agt.mon [MONITOR] Monitoring data: 
# rn=1 
# EMPTY=0 
# DATA_OUT=80
# UVM_INFO scoreboard.sv(36) @ 3375: uvm_test_top.env_o.sb [scoreboard] MATCH: DATA_OUT= 80, Expected=         80
# UVM_INFO driver.sv(40) @ 3375: uvm_test_top.env_o.agt.drv [DRIVER] DRIVER data: 
# rn=1 
# DATA_OUT=80
# UVM_INFO driver.sv(31) @ 3385: uvm_test_top.env_o.agt.drv [DRIVER] DRIVER data: 
# wn=0 
# DATA_IN=18
# UVM_INFO monitor.sv(27) @ 3395: uvm_test_top.env_o.agt.mon [MONITOR] Monitoring data: 
# wn=1 
# FULL=0 
# DATA_IN=104
# UVM_INFO driver.sv(31) @ 3405: uvm_test_top.env_o.agt.drv [DRIVER] DRIVER data: 
# wn=0 
# DATA_IN=104
# UVM_INFO monitor.sv(27) @ 3415: uvm_test_top.env_o.agt.mon [MONITOR] Monitoring data: 
# wn=1 
# FULL=1 
# DATA_IN=8
# UVM_INFO driver.sv(31) @ 3425: uvm_test_top.env_o.agt.drv [DRIVER] DRIVER data: 
# wn=0 
# DATA_IN=8
# UVM_INFO monitor.sv(27) @ 3435: uvm_test_top.env_o.agt.mon [MONITOR] Monitoring data: 
# wn=1 
# FULL=1 
# DATA_IN=182
# UVM_INFO driver.sv(31) @ 3445: uvm_test_top.env_o.agt.drv [DRIVER] DRIVER data: 
# wn=0 
# DATA_IN=182
# UVM_INFO monitor.sv(27) @ 3455: uvm_test_top.env_o.agt.mon [MONITOR] Monitoring data: 
# wn=1 
# FULL=1 
# DATA_IN=119
# UVM_INFO driver.sv(31) @ 3465: uvm_test_top.env_o.agt.drv [DRIVER] DRIVER data: 
# wn=0 
# DATA_IN=119
# UVM_INFO monitor.sv(27) @ 3475: uvm_test_top.env_o.agt.mon [MONITOR] Monitoring data: 
# wn=1 
# FULL=1 
# DATA_IN=61
# UVM_INFO monitor.sv(35) @ 3495: uvm_test_top.env_o.agt.mon [MONITOR] Monitoring data: 
# rn=1 
# EMPTY=0 
# DATA_OUT=242
# UVM_INFO scoreboard.sv(36) @ 3495: uvm_test_top.env_o.sb [scoreboard] MATCH: DATA_OUT=242, Expected=        242
# UVM_INFO driver.sv(40) @ 3495: uvm_test_top.env_o.agt.drv [DRIVER] DRIVER data: 
# rn=1 
# DATA_OUT=242
# UVM_INFO driver.sv(31) @ 3505: uvm_test_top.env_o.agt.drv [DRIVER] DRIVER data: 
# wn=0 
# DATA_IN=61
# UVM_INFO monitor.sv(27) @ 3515: uvm_test_top.env_o.agt.mon [MONITOR] Monitoring data: 
# wn=1 
# FULL=0 
# DATA_IN=202
# UVM_INFO monitor.sv(35) @ 3535: uvm_test_top.env_o.agt.mon [MONITOR] Monitoring data: 
# rn=1 
# EMPTY=0 
# DATA_OUT=103
# UVM_INFO scoreboard.sv(36) @ 3535: uvm_test_top.env_o.sb [scoreboard] MATCH: DATA_OUT=103, Expected=        103
# UVM_INFO driver.sv(40) @ 3535: uvm_test_top.env_o.agt.drv [DRIVER] DRIVER data: 
# rn=1 
# DATA_OUT=103
# UVM_INFO driver.sv(31) @ 3545: uvm_test_top.env_o.agt.drv [DRIVER] DRIVER data: 
# wn=0 
# DATA_IN=202
# UVM_INFO monitor.sv(27) @ 3555: uvm_test_top.env_o.agt.mon [MONITOR] Monitoring data: 
# wn=1 
# FULL=0 
# DATA_IN=237
# UVM_INFO monitor.sv(35) @ 3575: uvm_test_top.env_o.agt.mon [MONITOR] Monitoring data: 
# rn=1 
# EMPTY=0 
# DATA_OUT=150
# UVM_INFO scoreboard.sv(36) @ 3575: uvm_test_top.env_o.sb [scoreboard] MATCH: DATA_OUT=150, Expected=        150
# UVM_INFO driver.sv(40) @ 3575: uvm_test_top.env_o.agt.drv [DRIVER] DRIVER data: 
# rn=1 
# DATA_OUT=150
# UVM_INFO driver.sv(31) @ 3585: uvm_test_top.env_o.agt.drv [DRIVER] DRIVER data: 
# wn=0 
# DATA_IN=237
# UVM_INFO monitor.sv(27) @ 3595: uvm_test_top.env_o.agt.mon [MONITOR] Monitoring data: 
# wn=1 
# FULL=0 
# DATA_IN=174
# UVM_INFO driver.sv(31) @ 3605: uvm_test_top.env_o.agt.drv [DRIVER] DRIVER data: 
# wn=0 
# DATA_IN=174
# UVM_INFO monitor.sv(27) @ 3615: uvm_test_top.env_o.agt.mon [MONITOR] Monitoring data: 
# wn=1 
# FULL=1 
# DATA_IN=146
# UVM_INFO driver.sv(31) @ 3625: uvm_test_top.env_o.agt.drv [DRIVER] DRIVER data: 
# wn=0 
# DATA_IN=146
# UVM_INFO monitor.sv(27) @ 3635: uvm_test_top.env_o.agt.mon [MONITOR] Monitoring data: 
# wn=1 
# FULL=1 
# DATA_IN=110
# UVM_INFO driver.sv(31) @ 3645: uvm_test_top.env_o.agt.drv [DRIVER] DRIVER data: 
# wn=0 
# DATA_IN=110
# UVM_INFO monitor.sv(27) @ 3655: uvm_test_top.env_o.agt.mon [MONITOR] Monitoring data: 
# wn=1 
# FULL=1 
# DATA_IN=215
# UVM_INFO driver.sv(31) @ 3665: uvm_test_top.env_o.agt.drv [DRIVER] DRIVER data: 
# wn=0 
# DATA_IN=215
# UVM_INFO monitor.sv(27) @ 3675: uvm_test_top.env_o.agt.mon [MONITOR] Monitoring data: 
# wn=1 
# FULL=1 
# DATA_IN=193
# UVM_INFO fill_and_empty_seq.sv(20) @ 3675: uvm_test_top.env_o.agt.seqr@@fe_seq [fill_and_empty_seq] Emptying the FIFO...
# UVM_INFO driver.sv(31) @ 3685: uvm_test_top.env_o.agt.drv [DRIVER] DRIVER data: 
# wn=0 
# DATA_IN=193
# UVM_INFO monitor.sv(27) @ 3695: uvm_test_top.env_o.agt.mon [MONITOR] Monitoring data: 
# wn=1 
# FULL=1 
# DATA_IN=159
# UVM_INFO monitor.sv(35) @ 3715: uvm_test_top.env_o.agt.mon [MONITOR] Monitoring data: 
# rn=1 
# EMPTY=0 
# DATA_OUT=129
# UVM_INFO scoreboard.sv(36) @ 3715: uvm_test_top.env_o.sb [scoreboard] MATCH: DATA_OUT=129, Expected=        129
# UVM_INFO driver.sv(40) @ 3715: uvm_test_top.env_o.agt.drv [DRIVER] DRIVER data: 
# rn=1 
# DATA_OUT=129
# UVM_INFO monitor.sv(35) @ 3735: uvm_test_top.env_o.agt.mon [MONITOR] Monitoring data: 
# rn=1 
# EMPTY=0 
# DATA_OUT=247
# UVM_INFO scoreboard.sv(36) @ 3735: uvm_test_top.env_o.sb [scoreboard] MATCH: DATA_OUT=247, Expected=        247
# UVM_INFO driver.sv(40) @ 3735: uvm_test_top.env_o.agt.drv [DRIVER] DRIVER data: 
# rn=1 
# DATA_OUT=247
# UVM_INFO monitor.sv(35) @ 3755: uvm_test_top.env_o.agt.mon [MONITOR] Monitoring data: 
# rn=1 
# EMPTY=0 
# DATA_OUT=131
# UVM_INFO scoreboard.sv(36) @ 3755: uvm_test_top.env_o.sb [scoreboard] MATCH: DATA_OUT=131, Expected=        131
# UVM_INFO driver.sv(40) @ 3755: uvm_test_top.env_o.agt.drv [DRIVER] DRIVER data: 
# rn=1 
# DATA_OUT=131
# UVM_INFO driver.sv(31) @ 3765: uvm_test_top.env_o.agt.drv [DRIVER] DRIVER data: 
# wn=0 
# DATA_IN=159
# UVM_INFO monitor.sv(27) @ 3775: uvm_test_top.env_o.agt.mon [MONITOR] Monitoring data: 
# wn=1 
# FULL=0 
# DATA_IN=202
# UVM_INFO driver.sv(31) @ 3785: uvm_test_top.env_o.agt.drv [DRIVER] DRIVER data: 
# wn=0 
# DATA_IN=202
# UVM_INFO monitor.sv(27) @ 3795: uvm_test_top.env_o.agt.mon [MONITOR] Monitoring data: 
# wn=1 
# FULL=0 
# DATA_IN=33
# UVM_INFO monitor.sv(35) @ 3815: uvm_test_top.env_o.agt.mon [MONITOR] Monitoring data: 
# rn=1 
# EMPTY=0 
# DATA_OUT=105
# UVM_INFO scoreboard.sv(36) @ 3815: uvm_test_top.env_o.sb [scoreboard] MATCH: DATA_OUT=105, Expected=        105
# UVM_INFO driver.sv(40) @ 3815: uvm_test_top.env_o.agt.drv [DRIVER] DRIVER data: 
# rn=1 
# DATA_OUT=105
# UVM_INFO driver.sv(31) @ 3825: uvm_test_top.env_o.agt.drv [DRIVER] DRIVER data: 
# wn=0 
# DATA_IN=33
# UVM_INFO monitor.sv(27) @ 3835: uvm_test_top.env_o.agt.mon [MONITOR] Monitoring data: 
# wn=1 
# FULL=0 
# DATA_IN=241
# UVM_INFO driver.sv(31) @ 3845: uvm_test_top.env_o.agt.drv [DRIVER] DRIVER data: 
# wn=0 
# DATA_IN=241
# UVM_INFO monitor.sv(27) @ 3855: uvm_test_top.env_o.agt.mon [MONITOR] Monitoring data: 
# wn=1 
# FULL=0 
# DATA_IN=85
# UVM_INFO driver.sv(31) @ 3865: uvm_test_top.env_o.agt.drv [DRIVER] DRIVER data: 
# wn=0 
# DATA_IN=85
# UVM_INFO monitor.sv(27) @ 3875: uvm_test_top.env_o.agt.mon [MONITOR] Monitoring data: 
# wn=1 
# FULL=1 
# DATA_IN=14
# UVM_INFO monitor.sv(35) @ 3895: uvm_test_top.env_o.agt.mon [MONITOR] Monitoring data: 
# rn=1 
# EMPTY=0 
# DATA_OUT=104
# UVM_INFO scoreboard.sv(36) @ 3895: uvm_test_top.env_o.sb [scoreboard] MATCH: DATA_OUT=104, Expected=        104
# UVM_INFO driver.sv(40) @ 3895: uvm_test_top.env_o.agt.drv [DRIVER] DRIVER data: 
# rn=1 
# DATA_OUT=104
# UVM_INFO driver.sv(31) @ 3905: uvm_test_top.env_o.agt.drv [DRIVER] DRIVER data: 
# wn=0 
# DATA_IN=14
# UVM_INFO monitor.sv(27) @ 3915: uvm_test_top.env_o.agt.mon [MONITOR] Monitoring data: 
# wn=1 
# FULL=0 
# DATA_IN=59
# UVM_INFO driver.sv(31) @ 3925: uvm_test_top.env_o.agt.drv [DRIVER] DRIVER data: 
# wn=0 
# DATA_IN=59
# UVM_INFO monitor.sv(27) @ 3935: uvm_test_top.env_o.agt.mon [MONITOR] Monitoring data: 
# wn=1 
# FULL=1 
# DATA_IN=3
# UVM_INFO driver.sv(31) @ 3945: uvm_test_top.env_o.agt.drv [DRIVER] DRIVER data: 
# wn=0 
# DATA_IN=3
# UVM_INFO monitor.sv(27) @ 3955: uvm_test_top.env_o.agt.mon [MONITOR] Monitoring data: 
# wn=1 
# FULL=1 
# DATA_IN=242
# UVM_INFO monitor.sv(35) @ 3975: uvm_test_top.env_o.agt.mon [MONITOR] Monitoring data: 
# rn=1 
# EMPTY=0 
# DATA_OUT=202
# UVM_INFO scoreboard.sv(36) @ 3975: uvm_test_top.env_o.sb [scoreboard] MATCH: DATA_OUT=202, Expected=        202
# UVM_INFO driver.sv(40) @ 3975: uvm_test_top.env_o.agt.drv [DRIVER] DRIVER data: 
# rn=1 
# DATA_OUT=202
# UVM_INFO driver.sv(31) @ 3985: uvm_test_top.env_o.agt.drv [DRIVER] DRIVER data: 
# wn=0 
# DATA_IN=242
# UVM_INFO monitor.sv(27) @ 3995: uvm_test_top.env_o.agt.mon [MONITOR] Monitoring data: 
# wn=1 
# FULL=0 
# DATA_IN=115
# UVM_INFO monitor.sv(35) @ 4015: uvm_test_top.env_o.agt.mon [MONITOR] Monitoring data: 
# rn=1 
# EMPTY=0 
# DATA_OUT=237
# UVM_INFO scoreboard.sv(36) @ 4015: uvm_test_top.env_o.sb [scoreboard] MATCH: DATA_OUT=237, Expected=        237
# UVM_INFO driver.sv(40) @ 4015: uvm_test_top.env_o.agt.drv [DRIVER] DRIVER data: 
# rn=1 
# DATA_OUT=237
# UVM_INFO driver.sv(31) @ 4025: uvm_test_top.env_o.agt.drv [DRIVER] DRIVER data: 
# wn=0 
# DATA_IN=115
# UVM_INFO monitor.sv(27) @ 4035: uvm_test_top.env_o.agt.mon [MONITOR] Monitoring data: 
# wn=1 
# FULL=0 
# DATA_IN=155
# UVM_INFO driver.sv(31) @ 4045: uvm_test_top.env_o.agt.drv [DRIVER] DRIVER data: 
# wn=0 
# DATA_IN=155
# UVM_INFO monitor.sv(27) @ 4055: uvm_test_top.env_o.agt.mon [MONITOR] Monitoring data: 
# wn=1 
# FULL=1 
# DATA_IN=143
# UVM_INFO monitor.sv(35) @ 4075: uvm_test_top.env_o.agt.mon [MONITOR] Monitoring data: 
# rn=1 
# EMPTY=0 
# DATA_OUT=174
# UVM_INFO scoreboard.sv(36) @ 4075: uvm_test_top.env_o.sb [scoreboard] MATCH: DATA_OUT=174, Expected=        174
# UVM_INFO driver.sv(40) @ 4075: uvm_test_top.env_o.agt.drv [DRIVER] DRIVER data: 
# rn=1 
# DATA_OUT=174
# UVM_INFO monitor.sv(35) @ 4095: uvm_test_top.env_o.agt.mon [MONITOR] Monitoring data: 
# rn=1 
# EMPTY=0 
# DATA_OUT=202
# UVM_INFO scoreboard.sv(36) @ 4095: uvm_test_top.env_o.sb [scoreboard] MATCH: DATA_OUT=202, Expected=        202
# UVM_INFO driver.sv(40) @ 4095: uvm_test_top.env_o.agt.drv [DRIVER] DRIVER data: 
# rn=1 
# DATA_OUT=202
# UVM_INFO driver.sv(31) @ 4105: uvm_test_top.env_o.agt.drv [DRIVER] DRIVER data: 
# wn=0 
# DATA_IN=143
# UVM_INFO monitor.sv(27) @ 4115: uvm_test_top.env_o.agt.mon [MONITOR] Monitoring data: 
# wn=1 
# FULL=0 
# DATA_IN=241
# UVM_INFO driver.sv(31) @ 4125: uvm_test_top.env_o.agt.drv [DRIVER] DRIVER data: 
# wn=0 
# DATA_IN=241
# UVM_INFO monitor.sv(27) @ 4135: uvm_test_top.env_o.agt.mon [MONITOR] Monitoring data: 
# wn=1 
# FULL=0 
# DATA_IN=126
# UVM_INFO driver.sv(31) @ 4145: uvm_test_top.env_o.agt.drv [DRIVER] DRIVER data: 
# wn=0 
# DATA_IN=126
# UVM_INFO monitor.sv(27) @ 4155: uvm_test_top.env_o.agt.mon [MONITOR] Monitoring data: 
# wn=1 
# FULL=1 
# DATA_IN=155
# UVM_INFO driver.sv(31) @ 4165: uvm_test_top.env_o.agt.drv [DRIVER] DRIVER data: 
# wn=0 
# DATA_IN=155
# UVM_INFO monitor.sv(27) @ 4175: uvm_test_top.env_o.agt.mon [MONITOR] Monitoring data: 
# wn=1 
# FULL=1 
# DATA_IN=135
# UVM_INFO driver.sv(31) @ 4185: uvm_test_top.env_o.agt.drv [DRIVER] DRIVER data: 
# wn=0 
# DATA_IN=135
# UVM_INFO monitor.sv(27) @ 4195: uvm_test_top.env_o.agt.mon [MONITOR] Monitoring data: 
# wn=1 
# FULL=1 
# DATA_IN=101
# UVM_INFO driver.sv(31) @ 4205: uvm_test_top.env_o.agt.drv [DRIVER] DRIVER data: 
# wn=0 
# DATA_IN=101
# UVM_INFO monitor.sv(27) @ 4215: uvm_test_top.env_o.agt.mon [MONITOR] Monitoring data: 
# wn=1 
# FULL=1 
# DATA_IN=3
# UVM_INFO monitor.sv(35) @ 4235: uvm_test_top.env_o.agt.mon [MONITOR] Monitoring data: 
# rn=1 
# EMPTY=0 
# DATA_OUT=33
# UVM_INFO scoreboard.sv(36) @ 4235: uvm_test_top.env_o.sb [scoreboard] MATCH: DATA_OUT= 33, Expected=         33
# UVM_INFO driver.sv(40) @ 4235: uvm_test_top.env_o.agt.drv [DRIVER] DRIVER data: 
# rn=1 
# DATA_OUT=33
# UVM_INFO driver.sv(31) @ 4245: uvm_test_top.env_o.agt.drv [DRIVER] DRIVER data: 
# wn=0 
# DATA_IN=3
# UVM_INFO monitor.sv(27) @ 4255: uvm_test_top.env_o.agt.mon [MONITOR] Monitoring data: 
# wn=1 
# FULL=0 
# DATA_IN=28
# UVM_INFO monitor.sv(35) @ 4275: uvm_test_top.env_o.agt.mon [MONITOR] Monitoring data: 
# rn=1 
# EMPTY=0 
# DATA_OUT=241
# UVM_INFO scoreboard.sv(36) @ 4275: uvm_test_top.env_o.sb [scoreboard] MATCH: DATA_OUT=241, Expected=        241
# UVM_INFO driver.sv(40) @ 4275: uvm_test_top.env_o.agt.drv [DRIVER] DRIVER data: 
# rn=1 
# DATA_OUT=241
# UVM_INFO driver.sv(31) @ 4285: uvm_test_top.env_o.agt.drv [DRIVER] DRIVER data: 
# wn=0 
# DATA_IN=28
# UVM_INFO monitor.sv(27) @ 4295: uvm_test_top.env_o.agt.mon [MONITOR] Monitoring data: 
# wn=1 
# FULL=0 
# DATA_IN=83
# UVM_INFO monitor.sv(35) @ 4315: uvm_test_top.env_o.agt.mon [MONITOR] Monitoring data: 
# rn=1 
# EMPTY=0 
# DATA_OUT=85
# UVM_INFO scoreboard.sv(36) @ 4315: uvm_test_top.env_o.sb [scoreboard] MATCH: DATA_OUT= 85, Expected=         85
# UVM_INFO driver.sv(40) @ 4315: uvm_test_top.env_o.agt.drv [DRIVER] DRIVER data: 
# rn=1 
# DATA_OUT=85
# UVM_INFO monitor.sv(35) @ 4335: uvm_test_top.env_o.agt.mon [MONITOR] Monitoring data: 
# rn=1 
# EMPTY=0 
# DATA_OUT=59
# UVM_INFO scoreboard.sv(36) @ 4335: uvm_test_top.env_o.sb [scoreboard] MATCH: DATA_OUT= 59, Expected=         59
# UVM_INFO driver.sv(40) @ 4335: uvm_test_top.env_o.agt.drv [DRIVER] DRIVER data: 
# rn=1 
# DATA_OUT=59
# UVM_INFO driver.sv(31) @ 4345: uvm_test_top.env_o.agt.drv [DRIVER] DRIVER data: 
# wn=0 
# DATA_IN=83
# UVM_INFO monitor.sv(27) @ 4355: uvm_test_top.env_o.agt.mon [MONITOR] Monitoring data: 
# wn=1 
# FULL=0 
# DATA_IN=92
# UVM_INFO driver.sv(31) @ 4365: uvm_test_top.env_o.agt.drv [DRIVER] DRIVER data: 
# wn=0 
# DATA_IN=92
# UVM_INFO monitor.sv(27) @ 4375: uvm_test_top.env_o.agt.mon [MONITOR] Monitoring data: 
# wn=1 
# FULL=0 
# DATA_IN=132
# UVM_INFO driver.sv(31) @ 4385: uvm_test_top.env_o.agt.drv [DRIVER] DRIVER data: 
# wn=0 
# DATA_IN=132
# UVM_INFO monitor.sv(27) @ 4395: uvm_test_top.env_o.agt.mon [MONITOR] Monitoring data: 
# wn=1 
# FULL=1 
# DATA_IN=212
# UVM_INFO monitor.sv(35) @ 4415: uvm_test_top.env_o.agt.mon [MONITOR] Monitoring data: 
# rn=1 
# EMPTY=0 
# DATA_OUT=115
# UVM_INFO scoreboard.sv(36) @ 4415: uvm_test_top.env_o.sb [scoreboard] MATCH: DATA_OUT=115, Expected=        115
# UVM_INFO driver.sv(40) @ 4415: uvm_test_top.env_o.agt.drv [DRIVER] DRIVER data: 
# rn=1 
# DATA_OUT=115
# UVM_INFO monitor.sv(35) @ 4435: uvm_test_top.env_o.agt.mon [MONITOR] Monitoring data: 
# rn=1 
# EMPTY=0 
# DATA_OUT=155
# UVM_INFO scoreboard.sv(36) @ 4435: uvm_test_top.env_o.sb [scoreboard] MATCH: DATA_OUT=155, Expected=        155
# UVM_INFO driver.sv(40) @ 4435: uvm_test_top.env_o.agt.drv [DRIVER] DRIVER data: 
# rn=1 
# DATA_OUT=155
# UVM_INFO monitor.sv(35) @ 4455: uvm_test_top.env_o.agt.mon [MONITOR] Monitoring data: 
# rn=1 
# EMPTY=0 
# DATA_OUT=241
# UVM_INFO scoreboard.sv(36) @ 4455: uvm_test_top.env_o.sb [scoreboard] MATCH: DATA_OUT=241, Expected=        241
# UVM_INFO driver.sv(40) @ 4455: uvm_test_top.env_o.agt.drv [DRIVER] DRIVER data: 
# rn=1 
# DATA_OUT=241
# UVM_INFO driver.sv(31) @ 4465: uvm_test_top.env_o.agt.drv [DRIVER] DRIVER data: 
# wn=0 
# DATA_IN=212
# UVM_INFO monitor.sv(27) @ 4475: uvm_test_top.env_o.agt.mon [MONITOR] Monitoring data: 
# wn=1 
# FULL=0 
# DATA_IN=209
# UVM_INFO driver.sv(31) @ 4485: uvm_test_top.env_o.agt.drv [DRIVER] DRIVER data: 
# wn=0 
# DATA_IN=209
# UVM_INFO monitor.sv(27) @ 4495: uvm_test_top.env_o.agt.mon [MONITOR] Monitoring data: 
# wn=1 
# FULL=0 
# DATA_IN=245
# UVM_INFO monitor.sv(35) @ 4515: uvm_test_top.env_o.agt.mon [MONITOR] Monitoring data: 
# rn=1 
# EMPTY=0 
# DATA_OUT=126
# UVM_INFO scoreboard.sv(36) @ 4515: uvm_test_top.env_o.sb [scoreboard] MATCH: DATA_OUT=126, Expected=        126
# UVM_INFO driver.sv(40) @ 4515: uvm_test_top.env_o.agt.drv [DRIVER] DRIVER data: 
# rn=1 
# DATA_OUT=126
# UVM_INFO driver.sv(31) @ 4525: uvm_test_top.env_o.agt.drv [DRIVER] DRIVER data: 
# wn=0 
# DATA_IN=245
# UVM_INFO monitor.sv(27) @ 4535: uvm_test_top.env_o.agt.mon [MONITOR] Monitoring data: 
# wn=1 
# FULL=0 
# DATA_IN=18
# UVM_INFO driver.sv(31) @ 4545: uvm_test_top.env_o.agt.drv [DRIVER] DRIVER data: 
# wn=0 
# DATA_IN=18
# UVM_INFO monitor.sv(27) @ 4555: uvm_test_top.env_o.agt.mon [MONITOR] Monitoring data: 
# wn=1 
# FULL=0 
# DATA_IN=193
# UVM_INFO monitor.sv(35) @ 4575: uvm_test_top.env_o.agt.mon [MONITOR] Monitoring data: 
# rn=1 
# EMPTY=0 
# DATA_OUT=28
# UVM_INFO scoreboard.sv(36) @ 4575: uvm_test_top.env_o.sb [scoreboard] MATCH: DATA_OUT= 28, Expected=         28
# UVM_INFO driver.sv(40) @ 4575: uvm_test_top.env_o.agt.drv [DRIVER] DRIVER data: 
# rn=1 
# DATA_OUT=28
# UVM_INFO driver.sv(31) @ 4585: uvm_test_top.env_o.agt.drv [DRIVER] DRIVER data: 
# wn=0 
# DATA_IN=193
# UVM_INFO monitor.sv(27) @ 4595: uvm_test_top.env_o.agt.mon [MONITOR] Monitoring data: 
# wn=1 
# FULL=0 
# DATA_IN=218
# UVM_INFO monitor.sv(35) @ 4615: uvm_test_top.env_o.agt.mon [MONITOR] Monitoring data: 
# rn=1 
# EMPTY=0 
# DATA_OUT=83
# UVM_INFO scoreboard.sv(36) @ 4615: uvm_test_top.env_o.sb [scoreboard] MATCH: DATA_OUT= 83, Expected=         83
# UVM_INFO driver.sv(40) @ 4615: uvm_test_top.env_o.agt.drv [DRIVER] DRIVER data: 
# rn=1 
# DATA_OUT=83
# UVM_INFO monitor.sv(35) @ 4635: uvm_test_top.env_o.agt.mon [MONITOR] Monitoring data: 
# rn=1 
# EMPTY=0 
# DATA_OUT=92
# UVM_INFO scoreboard.sv(36) @ 4635: uvm_test_top.env_o.sb [scoreboard] MATCH: DATA_OUT= 92, Expected=         92
# UVM_INFO driver.sv(40) @ 4635: uvm_test_top.env_o.agt.drv [DRIVER] DRIVER data: 
# rn=1 
# DATA_OUT=92
# UVM_INFO driver.sv(31) @ 4645: uvm_test_top.env_o.agt.drv [DRIVER] DRIVER data: 
# wn=0 
# DATA_IN=218
# UVM_INFO monitor.sv(27) @ 4655: uvm_test_top.env_o.agt.mon [MONITOR] Monitoring data: 
# wn=1 
# FULL=0 
# DATA_IN=240
# UVM_INFO driver.sv(31) @ 4665: uvm_test_top.env_o.agt.drv [DRIVER] DRIVER data: 
# wn=0 
# DATA_IN=240
# UVM_INFO monitor.sv(27) @ 4675: uvm_test_top.env_o.agt.mon [MONITOR] Monitoring data: 
# wn=1 
# FULL=0 
# DATA_IN=37
# UVM_INFO monitor.sv(35) @ 4695: uvm_test_top.env_o.agt.mon [MONITOR] Monitoring data: 
# rn=1 
# EMPTY=0 
# DATA_OUT=132
# UVM_INFO scoreboard.sv(36) @ 4695: uvm_test_top.env_o.sb [scoreboard] MATCH: DATA_OUT=132, Expected=        132
# UVM_INFO driver.sv(40) @ 4695: uvm_test_top.env_o.agt.drv [DRIVER] DRIVER data: 
# rn=1 
# DATA_OUT=132
# UVM_INFO driver.sv(31) @ 4705: uvm_test_top.env_o.agt.drv [DRIVER] DRIVER data: 
# wn=0 
# DATA_IN=37
# UVM_INFO monitor.sv(27) @ 4715: uvm_test_top.env_o.agt.mon [MONITOR] Monitoring data: 
# wn=1 
# FULL=0 
# DATA_IN=44
# UVM_INFO driver.sv(31) @ 4725: uvm_test_top.env_o.agt.drv [DRIVER] DRIVER data: 
# wn=0 
# DATA_IN=44
# UVM_INFO monitor.sv(27) @ 4735: uvm_test_top.env_o.agt.mon [MONITOR] Monitoring data: 
# wn=1 
# FULL=1 
# DATA_IN=202
# UVM_INFO monitor.sv(35) @ 4755: uvm_test_top.env_o.agt.mon [MONITOR] Monitoring data: 
# rn=1 
# EMPTY=0 
# DATA_OUT=209
# UVM_INFO scoreboard.sv(36) @ 4755: uvm_test_top.env_o.sb [scoreboard] MATCH: DATA_OUT=209, Expected=        209
# UVM_INFO driver.sv(40) @ 4755: uvm_test_top.env_o.agt.drv [DRIVER] DRIVER data: 
# rn=1 
# DATA_OUT=209
# UVM_INFO monitor.sv(35) @ 4775: uvm_test_top.env_o.agt.mon [MONITOR] Monitoring data: 
# rn=1 
# EMPTY=0 
# DATA_OUT=245
# UVM_INFO scoreboard.sv(36) @ 4775: uvm_test_top.env_o.sb [scoreboard] MATCH: DATA_OUT=245, Expected=        245
# UVM_INFO driver.sv(40) @ 4775: uvm_test_top.env_o.agt.drv [DRIVER] DRIVER data: 
# rn=1 
# DATA_OUT=245
# UVM_INFO driver.sv(31) @ 4785: uvm_test_top.env_o.agt.drv [DRIVER] DRIVER data: 
# wn=0 
# DATA_IN=202
# UVM_INFO monitor.sv(27) @ 4795: uvm_test_top.env_o.agt.mon [MONITOR] Monitoring data: 
# wn=1 
# FULL=0 
# DATA_IN=167
# UVM_INFO monitor.sv(35) @ 4815: uvm_test_top.env_o.agt.mon [MONITOR] Monitoring data: 
# rn=1 
# EMPTY=0 
# DATA_OUT=18
# UVM_INFO scoreboard.sv(36) @ 4815: uvm_test_top.env_o.sb [scoreboard] MATCH: DATA_OUT= 18, Expected=         18
# UVM_INFO driver.sv(40) @ 4815: uvm_test_top.env_o.agt.drv [DRIVER] DRIVER data: 
# rn=1 
# DATA_OUT=18
# UVM_INFO monitor.sv(35) @ 4835: uvm_test_top.env_o.agt.mon [MONITOR] Monitoring data: 
# rn=1 
# EMPTY=0 
# DATA_OUT=193
# UVM_INFO scoreboard.sv(36) @ 4835: uvm_test_top.env_o.sb [scoreboard] MATCH: DATA_OUT=193, Expected=        193
# UVM_INFO driver.sv(40) @ 4835: uvm_test_top.env_o.agt.drv [DRIVER] DRIVER data: 
# rn=1 
# DATA_OUT=193
# UVM_INFO monitor.sv(35) @ 4855: uvm_test_top.env_o.agt.mon [MONITOR] Monitoring data: 
# rn=1 
# EMPTY=0 
# DATA_OUT=218
# UVM_INFO scoreboard.sv(36) @ 4855: uvm_test_top.env_o.sb [scoreboard] MATCH: DATA_OUT=218, Expected=        218
# UVM_INFO driver.sv(40) @ 4855: uvm_test_top.env_o.agt.drv [DRIVER] DRIVER data: 
# rn=1 
# DATA_OUT=218
# UVM_INFO monitor.sv(35) @ 4875: uvm_test_top.env_o.agt.mon [MONITOR] Monitoring data: 
# rn=1 
# EMPTY=0 
# DATA_OUT=240
# UVM_INFO scoreboard.sv(36) @ 4875: uvm_test_top.env_o.sb [scoreboard] MATCH: DATA_OUT=240, Expected=        240
# UVM_INFO driver.sv(40) @ 4875: uvm_test_top.env_o.agt.drv [DRIVER] DRIVER data: 
# rn=1 
# DATA_OUT=240
# UVM_INFO monitor.sv(35) @ 4895: uvm_test_top.env_o.agt.mon [MONITOR] Monitoring data: 
# rn=1 
# EMPTY=0 
# DATA_OUT=37
# UVM_INFO scoreboard.sv(36) @ 4895: uvm_test_top.env_o.sb [scoreboard] MATCH: DATA_OUT= 37, Expected=         37
# UVM_INFO driver.sv(40) @ 4895: uvm_test_top.env_o.agt.drv [DRIVER] DRIVER data: 
# rn=1 
# DATA_OUT=37
# UVM_INFO monitor.sv(35) @ 4915: uvm_test_top.env_o.agt.mon [MONITOR] Monitoring data: 
# rn=1 
# EMPTY=0 
# DATA_OUT=44
# UVM_INFO scoreboard.sv(36) @ 4915: uvm_test_top.env_o.sb [scoreboard] MATCH: DATA_OUT= 44, Expected=         44
# UVM_INFO driver.sv(40) @ 4915: uvm_test_top.env_o.agt.drv [DRIVER] DRIVER data: 
# rn=1 
# DATA_OUT=44
# UVM_INFO driver.sv(31) @ 4925: uvm_test_top.env_o.agt.drv [DRIVER] DRIVER data: 
# wn=0 
# DATA_IN=167
# UVM_INFO monitor.sv(27) @ 4935: uvm_test_top.env_o.agt.mon [MONITOR] Monitoring data: 
# wn=1 
# FULL=0 
# DATA_IN=68
# UVM_INFO driver.sv(31) @ 4945: uvm_test_top.env_o.agt.drv [DRIVER] DRIVER data: 
# wn=0 
# DATA_IN=68
# UVM_INFO monitor.sv(27) @ 4955: uvm_test_top.env_o.agt.mon [MONITOR] Monitoring data: 
# wn=1 
# FULL=0 
# DATA_IN=104
# UVM_INFO base_seq.sv(25) @ 4955: uvm_test_top.env_o.agt.seqr@@bseq [base_seq] ******** Generate 128 Random REQS *********
# UVM_INFO monitor.sv(35) @ 4975: uvm_test_top.env_o.agt.mon [MONITOR] Monitoring data: 
# rn=1 
# EMPTY=0 
# DATA_OUT=167
# UVM_INFO scoreboard.sv(36) @ 4975: uvm_test_top.env_o.sb [scoreboard] MATCH: DATA_OUT=167, Expected=        167
# UVM_INFO driver.sv(40) @ 4975: uvm_test_top.env_o.agt.drv [DRIVER] DRIVER data: 
# rn=1 
# DATA_OUT=167
# UVM_INFO driver.sv(31) @ 4985: uvm_test_top.env_o.agt.drv [DRIVER] DRIVER data: 
# wn=0 
# DATA_IN=104
# UVM_INFO monitor.sv(27) @ 4995: uvm_test_top.env_o.agt.mon [MONITOR] Monitoring data: 
# wn=1 
# FULL=0 
# DATA_IN=41
# UVM_INFO driver.sv(31) @ 5005: uvm_test_top.env_o.agt.drv [DRIVER] DRIVER data: 
# wn=0 
# DATA_IN=41
# UVM_INFO monitor.sv(27) @ 5015: uvm_test_top.env_o.agt.mon [MONITOR] Monitoring data: 
# wn=1 
# FULL=0 
# DATA_IN=39
# UVM_INFO monitor.sv(35) @ 5035: uvm_test_top.env_o.agt.mon [MONITOR] Monitoring data: 
# rn=1 
# EMPTY=0 
# DATA_OUT=68
# UVM_INFO scoreboard.sv(36) @ 5035: uvm_test_top.env_o.sb [scoreboard] MATCH: DATA_OUT= 68, Expected=         68
# UVM_INFO driver.sv(40) @ 5035: uvm_test_top.env_o.agt.drv [DRIVER] DRIVER data: 
# rn=1 
# DATA_OUT=68
# UVM_INFO driver.sv(31) @ 5045: uvm_test_top.env_o.agt.drv [DRIVER] DRIVER data: 
# wn=0 
# DATA_IN=39
# UVM_INFO monitor.sv(27) @ 5055: uvm_test_top.env_o.agt.mon [MONITOR] Monitoring data: 
# wn=1 
# FULL=0 
# DATA_IN=48
# UVM_INFO driver.sv(31) @ 5065: uvm_test_top.env_o.agt.drv [DRIVER] DRIVER data: 
# wn=0 
# DATA_IN=48
# UVM_INFO monitor.sv(27) @ 5075: uvm_test_top.env_o.agt.mon [MONITOR] Monitoring data: 
# wn=1 
# FULL=0 
# DATA_IN=28
# UVM_INFO driver.sv(31) @ 5085: uvm_test_top.env_o.agt.drv [DRIVER] DRIVER data: 
# wn=0 
# DATA_IN=28
# UVM_INFO monitor.sv(27) @ 5095: uvm_test_top.env_o.agt.mon [MONITOR] Monitoring data: 
# wn=1 
# FULL=0 
# DATA_IN=241
# UVM_INFO driver.sv(31) @ 5105: uvm_test_top.env_o.agt.drv [DRIVER] DRIVER data: 
# wn=0 
# DATA_IN=241
# UVM_INFO monitor.sv(27) @ 5115: uvm_test_top.env_o.agt.mon [MONITOR] Monitoring data: 
# wn=1 
# FULL=0 
# DATA_IN=148
# UVM_INFO monitor.sv(35) @ 5135: uvm_test_top.env_o.agt.mon [MONITOR] Monitoring data: 
# rn=1 
# EMPTY=0 
# DATA_OUT=104
# UVM_INFO scoreboard.sv(36) @ 5135: uvm_test_top.env_o.sb [scoreboard] MATCH: DATA_OUT=104, Expected=        104
# UVM_INFO driver.sv(40) @ 5135: uvm_test_top.env_o.agt.drv [DRIVER] DRIVER data: 
# rn=1 
# DATA_OUT=104
# UVM_INFO driver.sv(31) @ 5145: uvm_test_top.env_o.agt.drv [DRIVER] DRIVER data: 
# wn=0 
# DATA_IN=148
# UVM_INFO monitor.sv(27) @ 5155: uvm_test_top.env_o.agt.mon [MONITOR] Monitoring data: 
# wn=1 
# FULL=0 
# DATA_IN=199
# UVM_INFO monitor.sv(35) @ 5175: uvm_test_top.env_o.agt.mon [MONITOR] Monitoring data: 
# rn=1 
# EMPTY=0 
# DATA_OUT=41
# UVM_INFO scoreboard.sv(36) @ 5175: uvm_test_top.env_o.sb [scoreboard] MATCH: DATA_OUT= 41, Expected=         41
# UVM_INFO driver.sv(40) @ 5175: uvm_test_top.env_o.agt.drv [DRIVER] DRIVER data: 
# rn=1 
# DATA_OUT=41
# UVM_INFO driver.sv(31) @ 5185: uvm_test_top.env_o.agt.drv [DRIVER] DRIVER data: 
# wn=0 
# DATA_IN=199
# UVM_INFO monitor.sv(27) @ 5195: uvm_test_top.env_o.agt.mon [MONITOR] Monitoring data: 
# wn=1 
# FULL=0 
# DATA_IN=234
# UVM_INFO monitor.sv(35) @ 5215: uvm_test_top.env_o.agt.mon [MONITOR] Monitoring data: 
# rn=1 
# EMPTY=0 
# DATA_OUT=39
# UVM_INFO scoreboard.sv(36) @ 5215: uvm_test_top.env_o.sb [scoreboard] MATCH: DATA_OUT= 39, Expected=         39
# UVM_INFO driver.sv(40) @ 5215: uvm_test_top.env_o.agt.drv [DRIVER] DRIVER data: 
# rn=1 
# DATA_OUT=39
# UVM_INFO driver.sv(31) @ 5225: uvm_test_top.env_o.agt.drv [DRIVER] DRIVER data: 
# wn=0 
# DATA_IN=234
# UVM_INFO monitor.sv(27) @ 5235: uvm_test_top.env_o.agt.mon [MONITOR] Monitoring data: 
# wn=1 
# FULL=0 
# DATA_IN=225
# UVM_INFO monitor.sv(35) @ 5255: uvm_test_top.env_o.agt.mon [MONITOR] Monitoring data: 
# rn=1 
# EMPTY=0 
# DATA_OUT=48
# UVM_INFO scoreboard.sv(36) @ 5255: uvm_test_top.env_o.sb [scoreboard] MATCH: DATA_OUT= 48, Expected=         48
# UVM_INFO driver.sv(40) @ 5255: uvm_test_top.env_o.agt.drv [DRIVER] DRIVER data: 
# rn=1 
# DATA_OUT=48
# UVM_INFO driver.sv(31) @ 5265: uvm_test_top.env_o.agt.drv [DRIVER] DRIVER data: 
# wn=0 
# DATA_IN=225
# UVM_INFO monitor.sv(27) @ 5275: uvm_test_top.env_o.agt.mon [MONITOR] Monitoring data: 
# wn=1 
# FULL=0 
# DATA_IN=244
# UVM_INFO monitor.sv(35) @ 5295: uvm_test_top.env_o.agt.mon [MONITOR] Monitoring data: 
# rn=1 
# EMPTY=0 
# DATA_OUT=28
# UVM_INFO scoreboard.sv(36) @ 5295: uvm_test_top.env_o.sb [scoreboard] MATCH: DATA_OUT= 28, Expected=         28
# UVM_INFO driver.sv(40) @ 5295: uvm_test_top.env_o.agt.drv [DRIVER] DRIVER data: 
# rn=1 
# DATA_OUT=28
# UVM_INFO monitor.sv(35) @ 5315: uvm_test_top.env_o.agt.mon [MONITOR] Monitoring data: 
# rn=1 
# EMPTY=0 
# DATA_OUT=241
# UVM_INFO scoreboard.sv(36) @ 5315: uvm_test_top.env_o.sb [scoreboard] MATCH: DATA_OUT=241, Expected=        241
# UVM_INFO driver.sv(40) @ 5315: uvm_test_top.env_o.agt.drv [DRIVER] DRIVER data: 
# rn=1 
# DATA_OUT=241
# UVM_INFO driver.sv(31) @ 5325: uvm_test_top.env_o.agt.drv [DRIVER] DRIVER data: 
# wn=0 
# DATA_IN=244
# UVM_INFO monitor.sv(27) @ 5335: uvm_test_top.env_o.agt.mon [MONITOR] Monitoring data: 
# wn=1 
# FULL=0 
# DATA_IN=206
# UVM_INFO monitor.sv(35) @ 5355: uvm_test_top.env_o.agt.mon [MONITOR] Monitoring data: 
# rn=1 
# EMPTY=0 
# DATA_OUT=148
# UVM_INFO scoreboard.sv(36) @ 5355: uvm_test_top.env_o.sb [scoreboard] MATCH: DATA_OUT=148, Expected=        148
# UVM_INFO driver.sv(40) @ 5355: uvm_test_top.env_o.agt.drv [DRIVER] DRIVER data: 
# rn=1 
# DATA_OUT=148
# UVM_INFO driver.sv(31) @ 5365: uvm_test_top.env_o.agt.drv [DRIVER] DRIVER data: 
# wn=0 
# DATA_IN=206
# UVM_INFO monitor.sv(27) @ 5375: uvm_test_top.env_o.agt.mon [MONITOR] Monitoring data: 
# wn=1 
# FULL=0 
# DATA_IN=145
# UVM_INFO driver.sv(31) @ 5385: uvm_test_top.env_o.agt.drv [DRIVER] DRIVER data: 
# wn=0 
# DATA_IN=145
# UVM_INFO monitor.sv(27) @ 5395: uvm_test_top.env_o.agt.mon [MONITOR] Monitoring data: 
# wn=1 
# FULL=0 
# DATA_IN=38
# UVM_INFO monitor.sv(35) @ 5415: uvm_test_top.env_o.agt.mon [MONITOR] Monitoring data: 
# rn=1 
# EMPTY=0 
# DATA_OUT=199
# UVM_INFO scoreboard.sv(36) @ 5415: uvm_test_top.env_o.sb [scoreboard] MATCH: DATA_OUT=199, Expected=        199
# UVM_INFO driver.sv(40) @ 5415: uvm_test_top.env_o.agt.drv [DRIVER] DRIVER data: 
# rn=1 
# DATA_OUT=199
# UVM_INFO driver.sv(31) @ 5425: uvm_test_top.env_o.agt.drv [DRIVER] DRIVER data: 
# wn=0 
# DATA_IN=38
# UVM_INFO monitor.sv(27) @ 5435: uvm_test_top.env_o.agt.mon [MONITOR] Monitoring data: 
# wn=1 
# FULL=0 
# DATA_IN=144
# UVM_INFO driver.sv(31) @ 5445: uvm_test_top.env_o.agt.drv [DRIVER] DRIVER data: 
# wn=0 
# DATA_IN=144
# UVM_INFO monitor.sv(27) @ 5455: uvm_test_top.env_o.agt.mon [MONITOR] Monitoring data: 
# wn=1 
# FULL=0 
# DATA_IN=212
# UVM_INFO driver.sv(31) @ 5465: uvm_test_top.env_o.agt.drv [DRIVER] DRIVER data: 
# wn=0 
# DATA_IN=212
# UVM_INFO monitor.sv(27) @ 5475: uvm_test_top.env_o.agt.mon [MONITOR] Monitoring data: 
# wn=1 
# FULL=1 
# DATA_IN=181
# UVM_INFO monitor.sv(35) @ 5495: uvm_test_top.env_o.agt.mon [MONITOR] Monitoring data: 
# rn=1 
# EMPTY=0 
# DATA_OUT=234
# UVM_INFO scoreboard.sv(36) @ 5495: uvm_test_top.env_o.sb [scoreboard] MATCH: DATA_OUT=234, Expected=        234
# UVM_INFO driver.sv(40) @ 5495: uvm_test_top.env_o.agt.drv [DRIVER] DRIVER data: 
# rn=1 
# DATA_OUT=234
# UVM_INFO monitor.sv(35) @ 5515: uvm_test_top.env_o.agt.mon [MONITOR] Monitoring data: 
# rn=1 
# EMPTY=0 
# DATA_OUT=225
# UVM_INFO scoreboard.sv(36) @ 5515: uvm_test_top.env_o.sb [scoreboard] MATCH: DATA_OUT=225, Expected=        225
# UVM_INFO driver.sv(40) @ 5515: uvm_test_top.env_o.agt.drv [DRIVER] DRIVER data: 
# rn=1 
# DATA_OUT=225
# UVM_INFO monitor.sv(35) @ 5535: uvm_test_top.env_o.agt.mon [MONITOR] Monitoring data: 
# rn=1 
# EMPTY=0 
# DATA_OUT=244
# UVM_INFO scoreboard.sv(36) @ 5535: uvm_test_top.env_o.sb [scoreboard] MATCH: DATA_OUT=244, Expected=        244
# UVM_INFO driver.sv(40) @ 5535: uvm_test_top.env_o.agt.drv [DRIVER] DRIVER data: 
# rn=1 
# DATA_OUT=244
# UVM_INFO monitor.sv(35) @ 5555: uvm_test_top.env_o.agt.mon [MONITOR] Monitoring data: 
# rn=1 
# EMPTY=0 
# DATA_OUT=206
# UVM_INFO scoreboard.sv(36) @ 5555: uvm_test_top.env_o.sb [scoreboard] MATCH: DATA_OUT=206, Expected=        206
# UVM_INFO driver.sv(40) @ 5555: uvm_test_top.env_o.agt.drv [DRIVER] DRIVER data: 
# rn=1 
# DATA_OUT=206
# UVM_INFO driver.sv(31) @ 5565: uvm_test_top.env_o.agt.drv [DRIVER] DRIVER data: 
# wn=0 
# DATA_IN=181
# UVM_INFO monitor.sv(27) @ 5575: uvm_test_top.env_o.agt.mon [MONITOR] Monitoring data: 
# wn=1 
# FULL=0 
# DATA_IN=158
# UVM_INFO driver.sv(31) @ 5585: uvm_test_top.env_o.agt.drv [DRIVER] DRIVER data: 
# wn=0 
# DATA_IN=158
# UVM_INFO monitor.sv(27) @ 5595: uvm_test_top.env_o.agt.mon [MONITOR] Monitoring data: 
# wn=1 
# FULL=0 
# DATA_IN=214
# UVM_INFO monitor.sv(35) @ 5615: uvm_test_top.env_o.agt.mon [MONITOR] Monitoring data: 
# rn=1 
# EMPTY=0 
# DATA_OUT=145
# UVM_INFO scoreboard.sv(36) @ 5615: uvm_test_top.env_o.sb [scoreboard] MATCH: DATA_OUT=145, Expected=        145
# UVM_INFO driver.sv(40) @ 5615: uvm_test_top.env_o.agt.drv [DRIVER] DRIVER data: 
# rn=1 
# DATA_OUT=145
# UVM_INFO driver.sv(31) @ 5625: uvm_test_top.env_o.agt.drv [DRIVER] DRIVER data: 
# wn=0 
# DATA_IN=214
# UVM_INFO monitor.sv(27) @ 5635: uvm_test_top.env_o.agt.mon [MONITOR] Monitoring data: 
# wn=1 
# FULL=0 
# DATA_IN=129
# UVM_INFO driver.sv(31) @ 5645: uvm_test_top.env_o.agt.drv [DRIVER] DRIVER data: 
# wn=0 
# DATA_IN=129
# UVM_INFO monitor.sv(27) @ 5655: uvm_test_top.env_o.agt.mon [MONITOR] Monitoring data: 
# wn=1 
# FULL=0 
# DATA_IN=163
# UVM_INFO driver.sv(31) @ 5665: uvm_test_top.env_o.agt.drv [DRIVER] DRIVER data: 
# wn=0 
# DATA_IN=163
# UVM_INFO monitor.sv(27) @ 5675: uvm_test_top.env_o.agt.mon [MONITOR] Monitoring data: 
# wn=1 
# FULL=0 
# DATA_IN=183
# UVM_INFO monitor.sv(35) @ 5695: uvm_test_top.env_o.agt.mon [MONITOR] Monitoring data: 
# rn=1 
# EMPTY=0 
# DATA_OUT=38
# UVM_INFO scoreboard.sv(36) @ 5695: uvm_test_top.env_o.sb [scoreboard] MATCH: DATA_OUT= 38, Expected=         38
# UVM_INFO driver.sv(40) @ 5695: uvm_test_top.env_o.agt.drv [DRIVER] DRIVER data: 
# rn=1 
# DATA_OUT=38
# UVM_INFO driver.sv(31) @ 5705: uvm_test_top.env_o.agt.drv [DRIVER] DRIVER data: 
# wn=0 
# DATA_IN=183
# UVM_INFO monitor.sv(27) @ 5715: uvm_test_top.env_o.agt.mon [MONITOR] Monitoring data: 
# wn=1 
# FULL=0 
# DATA_IN=16
# UVM_INFO driver.sv(31) @ 5725: uvm_test_top.env_o.agt.drv [DRIVER] DRIVER data: 
# wn=0 
# DATA_IN=16
# UVM_INFO monitor.sv(27) @ 5735: uvm_test_top.env_o.agt.mon [MONITOR] Monitoring data: 
# wn=1 
# FULL=1 
# DATA_IN=153
# UVM_INFO monitor.sv(35) @ 5755: uvm_test_top.env_o.agt.mon [MONITOR] Monitoring data: 
# rn=1 
# EMPTY=0 
# DATA_OUT=144
# UVM_INFO scoreboard.sv(36) @ 5755: uvm_test_top.env_o.sb [scoreboard] MATCH: DATA_OUT=144, Expected=        144
# UVM_INFO driver.sv(40) @ 5755: uvm_test_top.env_o.agt.drv [DRIVER] DRIVER data: 
# rn=1 
# DATA_OUT=144
# UVM_INFO driver.sv(31) @ 5765: uvm_test_top.env_o.agt.drv [DRIVER] DRIVER data: 
# wn=0 
# DATA_IN=153
# UVM_INFO monitor.sv(27) @ 5775: uvm_test_top.env_o.agt.mon [MONITOR] Monitoring data: 
# wn=1 
# FULL=0 
# DATA_IN=46
# UVM_INFO driver.sv(31) @ 5785: uvm_test_top.env_o.agt.drv [DRIVER] DRIVER data: 
# wn=0 
# DATA_IN=46
# UVM_INFO monitor.sv(27) @ 5795: uvm_test_top.env_o.agt.mon [MONITOR] Monitoring data: 
# wn=1 
# FULL=1 
# DATA_IN=234
# UVM_INFO driver.sv(31) @ 5805: uvm_test_top.env_o.agt.drv [DRIVER] DRIVER data: 
# wn=0 
# DATA_IN=234
# UVM_INFO monitor.sv(27) @ 5815: uvm_test_top.env_o.agt.mon [MONITOR] Monitoring data: 
# wn=1 
# FULL=1 
# DATA_IN=190
# UVM_INFO driver.sv(31) @ 5825: uvm_test_top.env_o.agt.drv [DRIVER] DRIVER data: 
# wn=0 
# DATA_IN=190
# UVM_INFO monitor.sv(27) @ 5835: uvm_test_top.env_o.agt.mon [MONITOR] Monitoring data: 
# wn=1 
# FULL=1 
# DATA_IN=194
# UVM_INFO monitor.sv(35) @ 5855: uvm_test_top.env_o.agt.mon [MONITOR] Monitoring data: 
# rn=1 
# EMPTY=0 
# DATA_OUT=212
# UVM_INFO scoreboard.sv(36) @ 5855: uvm_test_top.env_o.sb [scoreboard] MATCH: DATA_OUT=212, Expected=        212
# UVM_INFO driver.sv(40) @ 5855: uvm_test_top.env_o.agt.drv [DRIVER] DRIVER data: 
# rn=1 
# DATA_OUT=212
# UVM_INFO driver.sv(31) @ 5865: uvm_test_top.env_o.agt.drv [DRIVER] DRIVER data: 
# wn=0 
# DATA_IN=194
# UVM_INFO monitor.sv(27) @ 5875: uvm_test_top.env_o.agt.mon [MONITOR] Monitoring data: 
# wn=1 
# FULL=0 
# DATA_IN=248
# UVM_INFO driver.sv(31) @ 5885: uvm_test_top.env_o.agt.drv [DRIVER] DRIVER data: 
# wn=0 
# DATA_IN=248
# UVM_INFO monitor.sv(27) @ 5895: uvm_test_top.env_o.agt.mon [MONITOR] Monitoring data: 
# wn=1 
# FULL=1 
# DATA_IN=118
# UVM_INFO monitor.sv(35) @ 5915: uvm_test_top.env_o.agt.mon [MONITOR] Monitoring data: 
# rn=1 
# EMPTY=0 
# DATA_OUT=158
# UVM_INFO scoreboard.sv(36) @ 5915: uvm_test_top.env_o.sb [scoreboard] MATCH: DATA_OUT=158, Expected=        158
# UVM_INFO driver.sv(40) @ 5915: uvm_test_top.env_o.agt.drv [DRIVER] DRIVER data: 
# rn=1 
# DATA_OUT=158
# UVM_INFO driver.sv(31) @ 5925: uvm_test_top.env_o.agt.drv [DRIVER] DRIVER data: 
# wn=0 
# DATA_IN=118
# UVM_INFO monitor.sv(27) @ 5935: uvm_test_top.env_o.agt.mon [MONITOR] Monitoring data: 
# wn=1 
# FULL=0 
# DATA_IN=83
# UVM_INFO driver.sv(31) @ 5945: uvm_test_top.env_o.agt.drv [DRIVER] DRIVER data: 
# wn=0 
# DATA_IN=83
# UVM_INFO monitor.sv(27) @ 5955: uvm_test_top.env_o.agt.mon [MONITOR] Monitoring data: 
# wn=1 
# FULL=1 
# DATA_IN=43
# UVM_INFO driver.sv(31) @ 5965: uvm_test_top.env_o.agt.drv [DRIVER] DRIVER data: 
# wn=0 
# DATA_IN=43
# UVM_INFO monitor.sv(27) @ 5975: uvm_test_top.env_o.agt.mon [MONITOR] Monitoring data: 
# wn=1 
# FULL=1 
# DATA_IN=92
# UVM_INFO driver.sv(31) @ 5985: uvm_test_top.env_o.agt.drv [DRIVER] DRIVER data: 
# wn=0 
# DATA_IN=92
# UVM_INFO monitor.sv(27) @ 5995: uvm_test_top.env_o.agt.mon [MONITOR] Monitoring data: 
# wn=1 
# FULL=1 
# DATA_IN=206
# UVM_INFO driver.sv(31) @ 6005: uvm_test_top.env_o.agt.drv [DRIVER] DRIVER data: 
# wn=0 
# DATA_IN=206
# UVM_INFO monitor.sv(27) @ 6015: uvm_test_top.env_o.agt.mon [MONITOR] Monitoring data: 
# wn=1 
# FULL=1 
# DATA_IN=99
# UVM_INFO driver.sv(31) @ 6025: uvm_test_top.env_o.agt.drv [DRIVER] DRIVER data: 
# wn=0 
# DATA_IN=99
# UVM_INFO monitor.sv(27) @ 6035: uvm_test_top.env_o.agt.mon [MONITOR] Monitoring data: 
# wn=1 
# FULL=1 
# DATA_IN=26
# UVM_INFO driver.sv(31) @ 6045: uvm_test_top.env_o.agt.drv [DRIVER] DRIVER data: 
# wn=0 
# DATA_IN=26
# UVM_INFO monitor.sv(27) @ 6055: uvm_test_top.env_o.agt.mon [MONITOR] Monitoring data: 
# wn=1 
# FULL=1 
# DATA_IN=87
# UVM_INFO monitor.sv(35) @ 6075: uvm_test_top.env_o.agt.mon [MONITOR] Monitoring data: 
# rn=1 
# EMPTY=0 
# DATA_OUT=214
# UVM_INFO scoreboard.sv(36) @ 6075: uvm_test_top.env_o.sb [scoreboard] MATCH: DATA_OUT=214, Expected=        214
# UVM_INFO driver.sv(40) @ 6075: uvm_test_top.env_o.agt.drv [DRIVER] DRIVER data: 
# rn=1 
# DATA_OUT=214
# UVM_INFO monitor.sv(35) @ 6095: uvm_test_top.env_o.agt.mon [MONITOR] Monitoring data: 
# rn=1 
# EMPTY=0 
# DATA_OUT=129
# UVM_INFO scoreboard.sv(36) @ 6095: uvm_test_top.env_o.sb [scoreboard] MATCH: DATA_OUT=129, Expected=        129
# UVM_INFO driver.sv(40) @ 6095: uvm_test_top.env_o.agt.drv [DRIVER] DRIVER data: 
# rn=1 
# DATA_OUT=129
# UVM_INFO driver.sv(31) @ 6105: uvm_test_top.env_o.agt.drv [DRIVER] DRIVER data: 
# wn=0 
# DATA_IN=87
# UVM_INFO monitor.sv(27) @ 6115: uvm_test_top.env_o.agt.mon [MONITOR] Monitoring data: 
# wn=1 
# FULL=0 
# DATA_IN=165
# UVM_INFO driver.sv(31) @ 6125: uvm_test_top.env_o.agt.drv [DRIVER] DRIVER data: 
# wn=0 
# DATA_IN=165
# UVM_INFO monitor.sv(27) @ 6135: uvm_test_top.env_o.agt.mon [MONITOR] Monitoring data: 
# wn=1 
# FULL=0 
# DATA_IN=246
# UVM_INFO monitor.sv(35) @ 6155: uvm_test_top.env_o.agt.mon [MONITOR] Monitoring data: 
# rn=1 
# EMPTY=0 
# DATA_OUT=163
# UVM_INFO scoreboard.sv(36) @ 6155: uvm_test_top.env_o.sb [scoreboard] MATCH: DATA_OUT=163, Expected=        163
# UVM_INFO driver.sv(40) @ 6155: uvm_test_top.env_o.agt.drv [DRIVER] DRIVER data: 
# rn=1 
# DATA_OUT=163
# UVM_INFO driver.sv(31) @ 6165: uvm_test_top.env_o.agt.drv [DRIVER] DRIVER data: 
# wn=0 
# DATA_IN=246
# UVM_INFO monitor.sv(27) @ 6175: uvm_test_top.env_o.agt.mon [MONITOR] Monitoring data: 
# wn=1 
# FULL=0 
# DATA_IN=127
# UVM_INFO driver.sv(31) @ 6185: uvm_test_top.env_o.agt.drv [DRIVER] DRIVER data: 
# wn=0 
# DATA_IN=127
# UVM_INFO monitor.sv(27) @ 6195: uvm_test_top.env_o.agt.mon [MONITOR] Monitoring data: 
# wn=1 
# FULL=1 
# DATA_IN=113
# UVM_INFO monitor.sv(35) @ 6215: uvm_test_top.env_o.agt.mon [MONITOR] Monitoring data: 
# rn=1 
# EMPTY=0 
# DATA_OUT=183
# UVM_INFO scoreboard.sv(36) @ 6215: uvm_test_top.env_o.sb [scoreboard] MATCH: DATA_OUT=183, Expected=        183
# UVM_INFO driver.sv(40) @ 6215: uvm_test_top.env_o.agt.drv [DRIVER] DRIVER data: 
# rn=1 
# DATA_OUT=183
# UVM_INFO driver.sv(31) @ 6225: uvm_test_top.env_o.agt.drv [DRIVER] DRIVER data: 
# wn=0 
# DATA_IN=113
# UVM_INFO monitor.sv(27) @ 6235: uvm_test_top.env_o.agt.mon [MONITOR] Monitoring data: 
# wn=1 
# FULL=0 
# DATA_IN=7
# UVM_INFO driver.sv(31) @ 6245: uvm_test_top.env_o.agt.drv [DRIVER] DRIVER data: 
# wn=0 
# DATA_IN=7
# UVM_INFO monitor.sv(27) @ 6255: uvm_test_top.env_o.agt.mon [MONITOR] Monitoring data: 
# wn=1 
# FULL=1 
# DATA_IN=76
# UVM_INFO driver.sv(31) @ 6265: uvm_test_top.env_o.agt.drv [DRIVER] DRIVER data: 
# wn=0 
# DATA_IN=76
# UVM_INFO monitor.sv(27) @ 6275: uvm_test_top.env_o.agt.mon [MONITOR] Monitoring data: 
# wn=1 
# FULL=1 
# DATA_IN=136
# UVM_INFO driver.sv(31) @ 6285: uvm_test_top.env_o.agt.drv [DRIVER] DRIVER data: 
# wn=0 
# DATA_IN=136
# UVM_INFO monitor.sv(27) @ 6295: uvm_test_top.env_o.agt.mon [MONITOR] Monitoring data: 
# wn=1 
# FULL=1 
# DATA_IN=173
# UVM_INFO driver.sv(31) @ 6305: uvm_test_top.env_o.agt.drv [DRIVER] DRIVER data: 
# wn=0 
# DATA_IN=173
# UVM_INFO monitor.sv(27) @ 6315: uvm_test_top.env_o.agt.mon [MONITOR] Monitoring data: 
# wn=1 
# FULL=1 
# DATA_IN=199
# UVM_INFO driver.sv(31) @ 6325: uvm_test_top.env_o.agt.drv [DRIVER] DRIVER data: 
# wn=0 
# DATA_IN=199
# UVM_INFO monitor.sv(27) @ 6335: uvm_test_top.env_o.agt.mon [MONITOR] Monitoring data: 
# wn=1 
# FULL=1 
# DATA_IN=184
# UVM_INFO driver.sv(31) @ 6345: uvm_test_top.env_o.agt.drv [DRIVER] DRIVER data: 
# wn=0 
# DATA_IN=184
# UVM_INFO monitor.sv(27) @ 6355: uvm_test_top.env_o.agt.mon [MONITOR] Monitoring data: 
# wn=1 
# FULL=1 
# DATA_IN=193
# UVM_INFO driver.sv(31) @ 6365: uvm_test_top.env_o.agt.drv [DRIVER] DRIVER data: 
# wn=0 
# DATA_IN=193
# UVM_INFO monitor.sv(27) @ 6375: uvm_test_top.env_o.agt.mon [MONITOR] Monitoring data: 
# wn=1 
# FULL=1 
# DATA_IN=125
# UVM_INFO driver.sv(31) @ 6385: uvm_test_top.env_o.agt.drv [DRIVER] DRIVER data: 
# wn=0 
# DATA_IN=125
# UVM_INFO monitor.sv(27) @ 6395: uvm_test_top.env_o.agt.mon [MONITOR] Monitoring data: 
# wn=1 
# FULL=1 
# DATA_IN=71
# UVM_INFO driver.sv(31) @ 6405: uvm_test_top.env_o.agt.drv [DRIVER] DRIVER data: 
# wn=0 
# DATA_IN=71
# UVM_INFO monitor.sv(27) @ 6415: uvm_test_top.env_o.agt.mon [MONITOR] Monitoring data: 
# wn=1 
# FULL=1 
# DATA_IN=206
# UVM_INFO driver.sv(31) @ 6425: uvm_test_top.env_o.agt.drv [DRIVER] DRIVER data: 
# wn=0 
# DATA_IN=206
# UVM_INFO monitor.sv(27) @ 6435: uvm_test_top.env_o.agt.mon [MONITOR] Monitoring data: 
# wn=1 
# FULL=1 
# DATA_IN=226
# UVM_INFO driver.sv(31) @ 6445: uvm_test_top.env_o.agt.drv [DRIVER] DRIVER data: 
# wn=0 
# DATA_IN=226
# UVM_INFO monitor.sv(27) @ 6455: uvm_test_top.env_o.agt.mon [MONITOR] Monitoring data: 
# wn=1 
# FULL=1 
# DATA_IN=48
# UVM_INFO driver.sv(31) @ 6465: uvm_test_top.env_o.agt.drv [DRIVER] DRIVER data: 
# wn=0 
# DATA_IN=48
# UVM_INFO monitor.sv(27) @ 6475: uvm_test_top.env_o.agt.mon [MONITOR] Monitoring data: 
# wn=1 
# FULL=1 
# DATA_IN=65
# UVM_INFO driver.sv(31) @ 6485: uvm_test_top.env_o.agt.drv [DRIVER] DRIVER data: 
# wn=0 
# DATA_IN=65
# UVM_INFO monitor.sv(27) @ 6495: uvm_test_top.env_o.agt.mon [MONITOR] Monitoring data: 
# wn=1 
# FULL=1 
# DATA_IN=172
# UVM_INFO driver.sv(31) @ 6505: uvm_test_top.env_o.agt.drv [DRIVER] DRIVER data: 
# wn=0 
# DATA_IN=172
# UVM_INFO monitor.sv(27) @ 6515: uvm_test_top.env_o.agt.mon [MONITOR] Monitoring data: 
# wn=1 
# FULL=1 
# DATA_IN=134
# UVM_INFO driver.sv(31) @ 6525: uvm_test_top.env_o.agt.drv [DRIVER] DRIVER data: 
# wn=0 
# DATA_IN=134
# UVM_INFO monitor.sv(27) @ 6535: uvm_test_top.env_o.agt.mon [MONITOR] Monitoring data: 
# wn=1 
# FULL=1 
# DATA_IN=57
# UVM_INFO driver.sv(31) @ 6545: uvm_test_top.env_o.agt.drv [DRIVER] DRIVER data: 
# wn=0 
# DATA_IN=57
# UVM_INFO monitor.sv(27) @ 6555: uvm_test_top.env_o.agt.mon [MONITOR] Monitoring data: 
# wn=1 
# FULL=1 
# DATA_IN=74
# UVM_INFO monitor.sv(35) @ 6575: uvm_test_top.env_o.agt.mon [MONITOR] Monitoring data: 
# rn=1 
# EMPTY=0 
# DATA_OUT=16
# UVM_INFO scoreboard.sv(36) @ 6575: uvm_test_top.env_o.sb [scoreboard] MATCH: DATA_OUT= 16, Expected=         16
# UVM_INFO driver.sv(40) @ 6575: uvm_test_top.env_o.agt.drv [DRIVER] DRIVER data: 
# rn=1 
# DATA_OUT=16
# UVM_INFO driver.sv(31) @ 6585: uvm_test_top.env_o.agt.drv [DRIVER] DRIVER data: 
# wn=0 
# DATA_IN=74
# UVM_INFO monitor.sv(27) @ 6595: uvm_test_top.env_o.agt.mon [MONITOR] Monitoring data: 
# wn=1 
# FULL=0 
# DATA_IN=3
# UVM_INFO driver.sv(31) @ 6605: uvm_test_top.env_o.agt.drv [DRIVER] DRIVER data: 
# wn=0 
# DATA_IN=3
# UVM_INFO monitor.sv(27) @ 6615: uvm_test_top.env_o.agt.mon [MONITOR] Monitoring data: 
# wn=1 
# FULL=1 
# DATA_IN=174
# UVM_INFO monitor.sv(35) @ 6635: uvm_test_top.env_o.agt.mon [MONITOR] Monitoring data: 
# rn=1 
# EMPTY=0 
# DATA_OUT=46
# UVM_INFO scoreboard.sv(36) @ 6635: uvm_test_top.env_o.sb [scoreboard] MATCH: DATA_OUT= 46, Expected=         46
# UVM_INFO driver.sv(40) @ 6635: uvm_test_top.env_o.agt.drv [DRIVER] DRIVER data: 
# rn=1 
# DATA_OUT=46
# UVM_INFO driver.sv(31) @ 6645: uvm_test_top.env_o.agt.drv [DRIVER] DRIVER data: 
# wn=0 
# DATA_IN=174
# UVM_INFO monitor.sv(27) @ 6655: uvm_test_top.env_o.agt.mon [MONITOR] Monitoring data: 
# wn=1 
# FULL=0 
# DATA_IN=121
# UVM_INFO driver.sv(31) @ 6665: uvm_test_top.env_o.agt.drv [DRIVER] DRIVER data: 
# wn=0 
# DATA_IN=121
# UVM_INFO monitor.sv(27) @ 6675: uvm_test_top.env_o.agt.mon [MONITOR] Monitoring data: 
# wn=1 
# FULL=1 
# DATA_IN=10
# UVM_INFO driver.sv(31) @ 6685: uvm_test_top.env_o.agt.drv [DRIVER] DRIVER data: 
# wn=0 
# DATA_IN=10
# UVM_INFO monitor.sv(27) @ 6695: uvm_test_top.env_o.agt.mon [MONITOR] Monitoring data: 
# wn=1 
# FULL=1 
# DATA_IN=102
# UVM_INFO driver.sv(31) @ 6705: uvm_test_top.env_o.agt.drv [DRIVER] DRIVER data: 
# wn=0 
# DATA_IN=102
# UVM_INFO monitor.sv(27) @ 6715: uvm_test_top.env_o.agt.mon [MONITOR] Monitoring data: 
# wn=1 
# FULL=1 
# DATA_IN=59
# UVM_INFO monitor.sv(35) @ 6735: uvm_test_top.env_o.agt.mon [MONITOR] Monitoring data: 
# rn=1 
# EMPTY=0 
# DATA_OUT=248
# UVM_INFO scoreboard.sv(36) @ 6735: uvm_test_top.env_o.sb [scoreboard] MATCH: DATA_OUT=248, Expected=        248
# UVM_INFO driver.sv(40) @ 6735: uvm_test_top.env_o.agt.drv [DRIVER] DRIVER data: 
# rn=1 
# DATA_OUT=248
# UVM_INFO driver.sv(31) @ 6745: uvm_test_top.env_o.agt.drv [DRIVER] DRIVER data: 
# wn=0 
# DATA_IN=59
# UVM_INFO monitor.sv(27) @ 6755: uvm_test_top.env_o.agt.mon [MONITOR] Monitoring data: 
# wn=1 
# FULL=0 
# DATA_IN=178
# UVM_INFO monitor.sv(35) @ 6775: uvm_test_top.env_o.agt.mon [MONITOR] Monitoring data: 
# rn=1 
# EMPTY=0 
# DATA_OUT=83
# UVM_INFO scoreboard.sv(36) @ 6775: uvm_test_top.env_o.sb [scoreboard] MATCH: DATA_OUT= 83, Expected=         83
# UVM_INFO driver.sv(40) @ 6775: uvm_test_top.env_o.agt.drv [DRIVER] DRIVER data: 
# rn=1 
# DATA_OUT=83
# UVM_INFO monitor.sv(35) @ 6795: uvm_test_top.env_o.agt.mon [MONITOR] Monitoring data: 
# rn=1 
# EMPTY=0 
# DATA_OUT=165
# UVM_INFO scoreboard.sv(36) @ 6795: uvm_test_top.env_o.sb [scoreboard] MATCH: DATA_OUT=165, Expected=        165
# UVM_INFO driver.sv(40) @ 6795: uvm_test_top.env_o.agt.drv [DRIVER] DRIVER data: 
# rn=1 
# DATA_OUT=165
# UVM_INFO driver.sv(31) @ 6805: uvm_test_top.env_o.agt.drv [DRIVER] DRIVER data: 
# wn=0 
# DATA_IN=178
# UVM_INFO monitor.sv(27) @ 6815: uvm_test_top.env_o.agt.mon [MONITOR] Monitoring data: 
# wn=1 
# FULL=0 
# DATA_IN=85
# UVM_INFO driver.sv(31) @ 6825: uvm_test_top.env_o.agt.drv [DRIVER] DRIVER data: 
# wn=0 
# DATA_IN=85
# UVM_INFO monitor.sv(27) @ 6835: uvm_test_top.env_o.agt.mon [MONITOR] Monitoring data: 
# wn=1 
# FULL=0 
# DATA_IN=181
# UVM_INFO monitor.sv(35) @ 6855: uvm_test_top.env_o.agt.mon [MONITOR] Monitoring data: 
# rn=1 
# EMPTY=0 
# DATA_OUT=246
# UVM_INFO scoreboard.sv(36) @ 6855: uvm_test_top.env_o.sb [scoreboard] MATCH: DATA_OUT=246, Expected=        246
# UVM_INFO driver.sv(40) @ 6855: uvm_test_top.env_o.agt.drv [DRIVER] DRIVER data: 
# rn=1 
# DATA_OUT=246
# UVM_INFO driver.sv(31) @ 6865: uvm_test_top.env_o.agt.drv [DRIVER] DRIVER data: 
# wn=0 
# DATA_IN=181
# UVM_INFO monitor.sv(27) @ 6875: uvm_test_top.env_o.agt.mon [MONITOR] Monitoring data: 
# wn=1 
# FULL=0 
# DATA_IN=24
# UVM_INFO monitor.sv(35) @ 6895: uvm_test_top.env_o.agt.mon [MONITOR] Monitoring data: 
# rn=1 
# EMPTY=0 
# DATA_OUT=127
# UVM_INFO scoreboard.sv(36) @ 6895: uvm_test_top.env_o.sb [scoreboard] MATCH: DATA_OUT=127, Expected=        127
# UVM_INFO driver.sv(40) @ 6895: uvm_test_top.env_o.agt.drv [DRIVER] DRIVER data: 
# rn=1 
# DATA_OUT=127
# UVM_INFO /usr/share/questa/questasim/verilog_src/uvm-1.2/src/base/uvm_objection.svh(1270) @ 6995: reporter [TEST_DONE] 'run' phase is ready to proceed to the 'extract' phase
# ---------------------------------------------------------
#                 Coverage Report                          
# Overall Coverage: 82.27%
# ---------------------------------------------------------
# UVM_INFO /usr/share/questa/questasim/verilog_src/uvm-1.2/src/base/uvm_report_server.svh(847) @ 6995: reporter [UVM/REPORT/SERVER] 
# --- UVM Report Summary ---
# 
# ** Report counts by severity
# UVM_INFO :  805
# UVM_WARNING :    0
# UVM_ERROR :    0
# UVM_FATAL :    0
# ** Report counts by id
# [DRIVER]   345
# [MONITOR]   345
# [Questa UVM]     2
# [RNTST]     1
# [TEST_DONE]     1
# [UVM/RELNOTES]     1
# [alternating_access_seq]     1
# [base_seq]     3
# [fill_and_empty_seq]    10
# [scoreboard]    96
# 
# ** Note: $finish    : /usr/share/questa/questasim/verilog_src/uvm-1.2/src/base/uvm_root.svh(517)
#    Time: 6995 ns  Iteration: 68  Instance: /tb_top
# End time: 15:58:56 on Sep 13,2025, Elapsed time: 0:00:03
# Errors: 0, Warnings: 0
End time: 15:58:56 on Sep 13,2025, Elapsed time: 0:00:17
*** Summary *********************************************
    qrun: Errors:   0, Warnings:   0
    vlog: Errors:   0, Warnings:   0
    vopt: Errors:   0, Warnings:   1
    vsim: Errors:   0, Warnings:   0
  Totals: Errors:   0, Warnings:   1
